mode: set
github.com/tongxiaofeng/bitfs/cmd/bcat/main.go:29.13,31.2 1 0
github.com/tongxiaofeng/bitfs/cmd/bcat/main.go:33.55,47.39 12 1
github.com/tongxiaofeng/bitfs/cmd/bcat/main.go:47.39,49.3 1 1
github.com/tongxiaofeng/bitfs/cmd/bcat/main.go:51.2,51.19 1 1
github.com/tongxiaofeng/bitfs/cmd/bcat/main.go:51.19,60.3 2 1
github.com/tongxiaofeng/bitfs/cmd/bcat/main.go:62.2,64.16 3 1
github.com/tongxiaofeng/bitfs/cmd/bcat/main.go:64.16,67.3 2 1
github.com/tongxiaofeng/bitfs/cmd/bcat/main.go:69.2,70.20 2 1
github.com/tongxiaofeng/bitfs/cmd/bcat/main.go:70.20,72.17 2 1
github.com/tongxiaofeng/bitfs/cmd/bcat/main.go:72.17,75.4 2 1
github.com/tongxiaofeng/bitfs/cmd/bcat/main.go:76.3,76.23 1 1
github.com/tongxiaofeng/bitfs/cmd/bcat/main.go:79.2,80.16 2 1
github.com/tongxiaofeng/bitfs/cmd/bcat/main.go:80.16,83.3 2 0
github.com/tongxiaofeng/bitfs/cmd/bcat/main.go:84.2,92.16 8 1
github.com/tongxiaofeng/bitfs/cmd/bcat/main.go:92.16,94.3 1 1
github.com/tongxiaofeng/bitfs/cmd/bcat/main.go:97.2,97.24 1 1
github.com/tongxiaofeng/bitfs/cmd/bcat/main.go:97.24,100.3 2 1
github.com/tongxiaofeng/bitfs/cmd/bcat/main.go:103.2,103.32 1 1
github.com/tongxiaofeng/bitfs/cmd/bcat/main.go:103.32,105.17 2 0
github.com/tongxiaofeng/bitfs/cmd/bcat/main.go:105.17,108.4 2 0
github.com/tongxiaofeng/bitfs/cmd/bcat/main.go:109.3,109.23 1 0
github.com/tongxiaofeng/bitfs/cmd/bcat/main.go:109.23,111.4 1 0
github.com/tongxiaofeng/bitfs/cmd/bcat/main.go:111.9,113.4 1 0
github.com/tongxiaofeng/bitfs/cmd/bcat/main.go:117.2,117.21 1 1
github.com/tongxiaofeng/bitfs/cmd/bcat/main.go:118.14,119.15 1 1
github.com/tongxiaofeng/bitfs/cmd/bcat/main.go:119.15,121.4 1 1
github.com/tongxiaofeng/bitfs/cmd/bcat/main.go:122.3,122.48 1 1
github.com/tongxiaofeng/bitfs/cmd/bcat/main.go:123.14,124.84 1 1
github.com/tongxiaofeng/bitfs/cmd/bcat/main.go:125.17,126.15 1 1
github.com/tongxiaofeng/bitfs/cmd/bcat/main.go:126.15,128.4 1 1
github.com/tongxiaofeng/bitfs/cmd/bcat/main.go:129.3,130.11 2 1
github.com/tongxiaofeng/bitfs/cmd/bcat/main.go:131.10,132.15 1 0
github.com/tongxiaofeng/bitfs/cmd/bcat/main.go:132.15,134.4 1 0
github.com/tongxiaofeng/bitfs/cmd/bcat/main.go:135.3,136.11 2 0
github.com/tongxiaofeng/bitfs/cmd/bcat/main.go:142.95,143.24 1 1
github.com/tongxiaofeng/bitfs/cmd/bcat/main.go:143.24,146.3 2 1
github.com/tongxiaofeng/bitfs/cmd/bcat/main.go:148.2,149.16 2 1
github.com/tongxiaofeng/bitfs/cmd/bcat/main.go:149.16,151.3 1 1
github.com/tongxiaofeng/bitfs/cmd/bcat/main.go:152.2,152.15 1 1
github.com/tongxiaofeng/bitfs/cmd/bcat/main.go:152.15,152.37 1 1
github.com/tongxiaofeng/bitfs/cmd/bcat/main.go:154.2,155.16 2 1
github.com/tongxiaofeng/bitfs/cmd/bcat/main.go:155.16,158.3 2 0
github.com/tongxiaofeng/bitfs/cmd/bcat/main.go:161.2,161.26 1 1
github.com/tongxiaofeng/bitfs/cmd/bcat/main.go:161.26,163.3 1 1
github.com/tongxiaofeng/bitfs/cmd/bcat/main.go:166.2,167.16 2 1
github.com/tongxiaofeng/bitfs/cmd/bcat/main.go:167.16,170.3 2 0
github.com/tongxiaofeng/bitfs/cmd/bcat/main.go:171.2,172.16 2 1
github.com/tongxiaofeng/bitfs/cmd/bcat/main.go:172.16,175.3 2 0
github.com/tongxiaofeng/bitfs/cmd/bcat/main.go:177.2,178.16 2 1
github.com/tongxiaofeng/bitfs/cmd/bcat/main.go:178.16,181.3 2 0
github.com/tongxiaofeng/bitfs/cmd/bcat/main.go:184.2,185.16 2 1
github.com/tongxiaofeng/bitfs/cmd/bcat/main.go:185.16,188.3 2 0
github.com/tongxiaofeng/bitfs/cmd/bcat/main.go:190.2,190.58 1 1
github.com/tongxiaofeng/bitfs/cmd/bcat/main.go:190.58,193.3 2 1
github.com/tongxiaofeng/bitfs/cmd/bcat/main.go:194.2,194.10 1 1
github.com/tongxiaofeng/bitfs/cmd/bcat/main.go:198.144,199.10 1 1
github.com/tongxiaofeng/bitfs/cmd/bcat/main.go:199.10,200.14 1 1
github.com/tongxiaofeng/bitfs/cmd/bcat/main.go:200.14,202.4 1 1
github.com/tongxiaofeng/bitfs/cmd/bcat/main.go:203.3,205.11 2 1
github.com/tongxiaofeng/bitfs/cmd/bcat/main.go:208.2,212.16 2 1
github.com/tongxiaofeng/bitfs/cmd/bcat/main.go:212.16,213.14 1 1
github.com/tongxiaofeng/bitfs/cmd/bcat/main.go:213.14,215.4 1 0
github.com/tongxiaofeng/bitfs/cmd/bcat/main.go:216.3,217.11 2 1
github.com/tongxiaofeng/bitfs/cmd/bcat/main.go:220.2,225.16 2 1
github.com/tongxiaofeng/bitfs/cmd/bcat/main.go:225.16,226.14 1 1
github.com/tongxiaofeng/bitfs/cmd/bcat/main.go:226.14,228.4 1 0
github.com/tongxiaofeng/bitfs/cmd/bcat/main.go:229.3,230.11 2 1
github.com/tongxiaofeng/bitfs/cmd/bcat/main.go:234.2,234.81 1 1
github.com/tongxiaofeng/bitfs/cmd/bcat/main.go:239.165,240.24 1 1
github.com/tongxiaofeng/bitfs/cmd/bcat/main.go:240.24,241.14 1 0
github.com/tongxiaofeng/bitfs/cmd/bcat/main.go:241.14,243.4 1 0
github.com/tongxiaofeng/bitfs/cmd/bcat/main.go:244.3,245.11 2 0
github.com/tongxiaofeng/bitfs/cmd/bcat/main.go:248.2,249.16 2 1
github.com/tongxiaofeng/bitfs/cmd/bcat/main.go:249.16,250.14 1 0
github.com/tongxiaofeng/bitfs/cmd/bcat/main.go:250.14,252.4 1 0
github.com/tongxiaofeng/bitfs/cmd/bcat/main.go:253.3,253.48 1 0
github.com/tongxiaofeng/bitfs/cmd/bcat/main.go:255.2,255.15 1 1
github.com/tongxiaofeng/bitfs/cmd/bcat/main.go:255.15,255.37 1 1
github.com/tongxiaofeng/bitfs/cmd/bcat/main.go:257.2,258.16 2 1
github.com/tongxiaofeng/bitfs/cmd/bcat/main.go:258.16,259.14 1 0
github.com/tongxiaofeng/bitfs/cmd/bcat/main.go:259.14,261.4 1 0
github.com/tongxiaofeng/bitfs/cmd/bcat/main.go:262.3,263.11 2 0
github.com/tongxiaofeng/bitfs/cmd/bcat/main.go:266.2,267.16 2 1
github.com/tongxiaofeng/bitfs/cmd/bcat/main.go:267.16,268.14 1 0
github.com/tongxiaofeng/bitfs/cmd/bcat/main.go:268.14,270.4 1 0
github.com/tongxiaofeng/bitfs/cmd/bcat/main.go:271.3,272.11 2 0
github.com/tongxiaofeng/bitfs/cmd/bcat/main.go:275.2,276.16 2 1
github.com/tongxiaofeng/bitfs/cmd/bcat/main.go:276.16,277.14 1 0
github.com/tongxiaofeng/bitfs/cmd/bcat/main.go:277.14,279.4 1 0
github.com/tongxiaofeng/bitfs/cmd/bcat/main.go:280.3,281.11 2 0
github.com/tongxiaofeng/bitfs/cmd/bcat/main.go:283.2,284.16 2 1
github.com/tongxiaofeng/bitfs/cmd/bcat/main.go:284.16,285.14 1 0
github.com/tongxiaofeng/bitfs/cmd/bcat/main.go:285.14,287.4 1 0
github.com/tongxiaofeng/bitfs/cmd/bcat/main.go:288.3,289.11 2 0
github.com/tongxiaofeng/bitfs/cmd/bcat/main.go:292.2,293.16 2 1
github.com/tongxiaofeng/bitfs/cmd/bcat/main.go:293.16,294.14 1 0
github.com/tongxiaofeng/bitfs/cmd/bcat/main.go:294.14,296.4 1 0
github.com/tongxiaofeng/bitfs/cmd/bcat/main.go:297.3,298.11 2 0
github.com/tongxiaofeng/bitfs/cmd/bcat/main.go:301.2,301.13 1 1
github.com/tongxiaofeng/bitfs/cmd/bcat/main.go:301.13,303.3 1 0
github.com/tongxiaofeng/bitfs/cmd/bcat/main.go:305.2,305.61 1 1
github.com/tongxiaofeng/bitfs/cmd/bcat/main.go:305.61,308.3 2 0
github.com/tongxiaofeng/bitfs/cmd/bcat/main.go:309.2,309.10 1 1
github.com/tongxiaofeng/bitfs/cmd/bcat/main.go:313.131,315.86 2 0
github.com/tongxiaofeng/bitfs/cmd/bcat/main.go:315.86,318.3 2 0
github.com/tongxiaofeng/bitfs/cmd/bcat/main.go:318.8,321.3 2 0
github.com/tongxiaofeng/bitfs/cmd/bcat/main.go:322.2,326.40 2 0
github.com/tongxiaofeng/bitfs/cmd/bcat/main.go:330.99,331.24 1 1
github.com/tongxiaofeng/bitfs/cmd/bcat/main.go:331.24,333.3 1 0
github.com/tongxiaofeng/bitfs/cmd/bcat/main.go:335.2,336.16 2 1
github.com/tongxiaofeng/bitfs/cmd/bcat/main.go:336.16,338.3 1 0
github.com/tongxiaofeng/bitfs/cmd/bcat/main.go:339.2,339.15 1 1
github.com/tongxiaofeng/bitfs/cmd/bcat/main.go:339.15,339.37 1 1
github.com/tongxiaofeng/bitfs/cmd/bcat/main.go:341.2,342.16 2 1
github.com/tongxiaofeng/bitfs/cmd/bcat/main.go:342.16,344.3 1 0
github.com/tongxiaofeng/bitfs/cmd/bcat/main.go:346.2,347.25 2 1
github.com/tongxiaofeng/bitfs/cmd/bcat/main.go:347.25,349.17 2 1
github.com/tongxiaofeng/bitfs/cmd/bcat/main.go:349.17,351.4 1 0
github.com/tongxiaofeng/bitfs/cmd/bcat/main.go:352.3,353.17 2 1
github.com/tongxiaofeng/bitfs/cmd/bcat/main.go:353.17,355.4 1 0
github.com/tongxiaofeng/bitfs/cmd/bcat/main.go:357.3,358.17 2 1
github.com/tongxiaofeng/bitfs/cmd/bcat/main.go:358.17,360.4 1 0
github.com/tongxiaofeng/bitfs/cmd/bcat/main.go:362.3,363.17 2 1
github.com/tongxiaofeng/bitfs/cmd/bcat/main.go:363.17,365.4 1 0
github.com/tongxiaofeng/bitfs/cmd/bcat/main.go:366.3,366.31 1 1
github.com/tongxiaofeng/bitfs/cmd/bcat/main.go:369.2,370.86 2 1
github.com/tongxiaofeng/bitfs/cmd/bcat/main.go:370.86,373.3 2 1
github.com/tongxiaofeng/bitfs/cmd/bcat/main.go:373.8,376.3 2 1
github.com/tongxiaofeng/bitfs/cmd/bcat/main.go:377.2,377.40 1 1
github.com/tongxiaofeng/bitfs/cmd/bcat/main.go:381.89,391.2 2 1
github.com/tongxiaofeng/bitfs/cmd/bcat/main.go:394.55,400.2 5 1
github.com/tongxiaofeng/bitfs/cmd/bcat/main.go:402.61,404.16 2 1
github.com/tongxiaofeng/bitfs/cmd/bcat/main.go:404.16,407.3 2 0
github.com/tongxiaofeng/bitfs/cmd/bcat/main.go:408.2,409.10 2 1
github.com/tongxiaofeng/bitfs/cmd/bget/main.go:29.13,31.2 1 0
github.com/tongxiaofeng/bitfs/cmd/bget/main.go:33.55,50.39 15 1
github.com/tongxiaofeng/bitfs/cmd/bget/main.go:50.39,52.3 1 1
github.com/tongxiaofeng/bitfs/cmd/bget/main.go:54.2,54.19 1 1
github.com/tongxiaofeng/bitfs/cmd/bget/main.go:54.19,63.3 2 1
github.com/tongxiaofeng/bitfs/cmd/bget/main.go:65.2,67.16 3 1
github.com/tongxiaofeng/bitfs/cmd/bget/main.go:67.16,70.3 2 1
github.com/tongxiaofeng/bitfs/cmd/bget/main.go:72.2,73.20 2 1
github.com/tongxiaofeng/bitfs/cmd/bget/main.go:73.20,75.17 2 1
github.com/tongxiaofeng/bitfs/cmd/bget/main.go:75.17,78.4 2 1
github.com/tongxiaofeng/bitfs/cmd/bget/main.go:79.3,79.23 1 1
github.com/tongxiaofeng/bitfs/cmd/bget/main.go:82.2,83.16 2 1
github.com/tongxiaofeng/bitfs/cmd/bget/main.go:83.16,86.3 2 0
github.com/tongxiaofeng/bitfs/cmd/bget/main.go:87.2,97.16 9 1
github.com/tongxiaofeng/bitfs/cmd/bget/main.go:97.16,98.15 1 1
github.com/tongxiaofeng/bitfs/cmd/bget/main.go:98.15,100.4 1 1
github.com/tongxiaofeng/bitfs/cmd/bget/main.go:101.3,101.48 1 1
github.com/tongxiaofeng/bitfs/cmd/bget/main.go:105.2,105.18 1 1
github.com/tongxiaofeng/bitfs/cmd/bget/main.go:105.18,107.21 2 1
github.com/tongxiaofeng/bitfs/cmd/bget/main.go:107.21,108.16 1 0
github.com/tongxiaofeng/bitfs/cmd/bget/main.go:108.16,110.5 1 0
github.com/tongxiaofeng/bitfs/cmd/bget/main.go:111.4,111.53 1 0
github.com/tongxiaofeng/bitfs/cmd/bget/main.go:113.3,113.27 1 1
github.com/tongxiaofeng/bitfs/cmd/bget/main.go:113.27,115.16 2 1
github.com/tongxiaofeng/bitfs/cmd/bget/main.go:115.16,117.5 1 0
github.com/tongxiaofeng/bitfs/cmd/bget/main.go:118.4,119.12 2 1
github.com/tongxiaofeng/bitfs/cmd/bget/main.go:121.3,124.25 4 1
github.com/tongxiaofeng/bitfs/cmd/bget/main.go:128.2,128.24 1 1
github.com/tongxiaofeng/bitfs/cmd/bget/main.go:128.24,129.15 1 1
github.com/tongxiaofeng/bitfs/cmd/bget/main.go:129.15,131.4 1 1
github.com/tongxiaofeng/bitfs/cmd/bget/main.go:132.3,133.11 2 1
github.com/tongxiaofeng/bitfs/cmd/bget/main.go:137.2,137.32 1 1
github.com/tongxiaofeng/bitfs/cmd/bget/main.go:137.32,139.17 2 0
github.com/tongxiaofeng/bitfs/cmd/bget/main.go:139.17,142.4 2 0
github.com/tongxiaofeng/bitfs/cmd/bget/main.go:143.3,143.23 1 0
github.com/tongxiaofeng/bitfs/cmd/bget/main.go:143.23,145.4 1 0
github.com/tongxiaofeng/bitfs/cmd/bget/main.go:145.9,147.4 1 0
github.com/tongxiaofeng/bitfs/cmd/bget/main.go:151.2,151.21 1 1
github.com/tongxiaofeng/bitfs/cmd/bget/main.go:152.14,153.15 1 1
github.com/tongxiaofeng/bitfs/cmd/bget/main.go:153.15,155.4 1 1
github.com/tongxiaofeng/bitfs/cmd/bget/main.go:156.3,156.59 1 1
github.com/tongxiaofeng/bitfs/cmd/bget/main.go:157.14,158.92 1 1
github.com/tongxiaofeng/bitfs/cmd/bget/main.go:159.17,160.15 1 1
github.com/tongxiaofeng/bitfs/cmd/bget/main.go:160.15,162.4 1 1
github.com/tongxiaofeng/bitfs/cmd/bget/main.go:163.3,164.11 2 1
github.com/tongxiaofeng/bitfs/cmd/bget/main.go:165.10,166.15 1 0
github.com/tongxiaofeng/bitfs/cmd/bget/main.go:166.15,168.4 1 0
github.com/tongxiaofeng/bitfs/cmd/bget/main.go:169.3,170.11 2 0
github.com/tongxiaofeng/bitfs/cmd/bget/main.go:176.116,177.24 1 1
github.com/tongxiaofeng/bitfs/cmd/bget/main.go:177.24,180.3 2 1
github.com/tongxiaofeng/bitfs/cmd/bget/main.go:182.2,183.20 2 1
github.com/tongxiaofeng/bitfs/cmd/bget/main.go:183.20,185.3 1 0
github.com/tongxiaofeng/bitfs/cmd/bget/main.go:187.2,188.16 2 1
github.com/tongxiaofeng/bitfs/cmd/bget/main.go:188.16,190.3 1 1
github.com/tongxiaofeng/bitfs/cmd/bget/main.go:191.2,191.15 1 1
github.com/tongxiaofeng/bitfs/cmd/bget/main.go:191.15,191.37 1 1
github.com/tongxiaofeng/bitfs/cmd/bget/main.go:193.2,194.16 2 1
github.com/tongxiaofeng/bitfs/cmd/bget/main.go:194.16,197.3 2 0
github.com/tongxiaofeng/bitfs/cmd/bget/main.go:200.2,201.25 2 1
github.com/tongxiaofeng/bitfs/cmd/bget/main.go:201.25,203.17 2 1
github.com/tongxiaofeng/bitfs/cmd/bget/main.go:203.17,206.4 2 0
github.com/tongxiaofeng/bitfs/cmd/bget/main.go:207.3,208.17 2 1
github.com/tongxiaofeng/bitfs/cmd/bget/main.go:208.17,211.4 2 0
github.com/tongxiaofeng/bitfs/cmd/bget/main.go:213.3,214.17 2 1
github.com/tongxiaofeng/bitfs/cmd/bget/main.go:214.17,217.4 2 0
github.com/tongxiaofeng/bitfs/cmd/bget/main.go:219.3,220.17 2 1
github.com/tongxiaofeng/bitfs/cmd/bget/main.go:220.17,223.4 2 1
github.com/tongxiaofeng/bitfs/cmd/bget/main.go:224.3,224.31 1 1
github.com/tongxiaofeng/bitfs/cmd/bget/main.go:227.2,228.16 2 1
github.com/tongxiaofeng/bitfs/cmd/bget/main.go:228.16,231.3 2 0
github.com/tongxiaofeng/bitfs/cmd/bget/main.go:233.2,234.16 2 1
github.com/tongxiaofeng/bitfs/cmd/bget/main.go:234.16,239.3 4 0
github.com/tongxiaofeng/bitfs/cmd/bget/main.go:241.2,241.37 1 1
github.com/tongxiaofeng/bitfs/cmd/bget/main.go:241.37,245.3 3 0
github.com/tongxiaofeng/bitfs/cmd/bget/main.go:247.2,248.10 2 1
github.com/tongxiaofeng/bitfs/cmd/bget/main.go:253.44,255.46 2 0
github.com/tongxiaofeng/bitfs/cmd/bget/main.go:255.46,257.3 1 0
github.com/tongxiaofeng/bitfs/cmd/bget/main.go:258.2,258.13 1 0
github.com/tongxiaofeng/bitfs/cmd/bget/main.go:262.156,263.10 1 1
github.com/tongxiaofeng/bitfs/cmd/bget/main.go:263.10,264.14 1 1
github.com/tongxiaofeng/bitfs/cmd/bget/main.go:264.14,266.4 1 1
github.com/tongxiaofeng/bitfs/cmd/bget/main.go:267.3,269.11 2 1
github.com/tongxiaofeng/bitfs/cmd/bget/main.go:272.2,273.16 2 1
github.com/tongxiaofeng/bitfs/cmd/bget/main.go:273.16,274.14 1 1
github.com/tongxiaofeng/bitfs/cmd/bget/main.go:274.14,276.4 1 0
github.com/tongxiaofeng/bitfs/cmd/bget/main.go:277.3,278.11 2 1
github.com/tongxiaofeng/bitfs/cmd/bget/main.go:281.2,286.16 2 1
github.com/tongxiaofeng/bitfs/cmd/bget/main.go:286.16,287.14 1 1
github.com/tongxiaofeng/bitfs/cmd/bget/main.go:287.14,289.4 1 0
github.com/tongxiaofeng/bitfs/cmd/bget/main.go:291.3,291.113 1 1
github.com/tongxiaofeng/bitfs/cmd/bget/main.go:291.113,293.4 1 1
github.com/tongxiaofeng/bitfs/cmd/bget/main.go:294.3,295.11 2 1
github.com/tongxiaofeng/bitfs/cmd/bget/main.go:298.2,298.95 1 1
github.com/tongxiaofeng/bitfs/cmd/bget/main.go:303.186,306.16 2 1
github.com/tongxiaofeng/bitfs/cmd/bget/main.go:306.16,307.14 1 0
github.com/tongxiaofeng/bitfs/cmd/bget/main.go:307.14,309.4 1 0
github.com/tongxiaofeng/bitfs/cmd/bget/main.go:310.3,310.48 1 0
github.com/tongxiaofeng/bitfs/cmd/bget/main.go:312.2,312.15 1 1
github.com/tongxiaofeng/bitfs/cmd/bget/main.go:312.15,312.37 1 1
github.com/tongxiaofeng/bitfs/cmd/bget/main.go:314.2,315.16 2 1
github.com/tongxiaofeng/bitfs/cmd/bget/main.go:315.16,316.14 1 0
github.com/tongxiaofeng/bitfs/cmd/bget/main.go:316.14,318.4 1 0
github.com/tongxiaofeng/bitfs/cmd/bget/main.go:319.3,320.11 2 0
github.com/tongxiaofeng/bitfs/cmd/bget/main.go:324.2,325.16 2 1
github.com/tongxiaofeng/bitfs/cmd/bget/main.go:325.16,326.14 1 0
github.com/tongxiaofeng/bitfs/cmd/bget/main.go:326.14,328.4 1 0
github.com/tongxiaofeng/bitfs/cmd/bget/main.go:329.3,330.11 2 0
github.com/tongxiaofeng/bitfs/cmd/bget/main.go:333.2,334.16 2 1
github.com/tongxiaofeng/bitfs/cmd/bget/main.go:334.16,335.14 1 0
github.com/tongxiaofeng/bitfs/cmd/bget/main.go:335.14,337.4 1 0
github.com/tongxiaofeng/bitfs/cmd/bget/main.go:338.3,339.11 2 0
github.com/tongxiaofeng/bitfs/cmd/bget/main.go:341.2,342.16 2 1
github.com/tongxiaofeng/bitfs/cmd/bget/main.go:342.16,343.14 1 0
github.com/tongxiaofeng/bitfs/cmd/bget/main.go:343.14,345.4 1 0
github.com/tongxiaofeng/bitfs/cmd/bget/main.go:346.3,347.11 2 0
github.com/tongxiaofeng/bitfs/cmd/bget/main.go:350.2,351.16 2 1
github.com/tongxiaofeng/bitfs/cmd/bget/main.go:351.16,352.14 1 0
github.com/tongxiaofeng/bitfs/cmd/bget/main.go:352.14,354.4 1 0
github.com/tongxiaofeng/bitfs/cmd/bget/main.go:355.3,356.11 2 0
github.com/tongxiaofeng/bitfs/cmd/bget/main.go:360.2,361.20 2 1
github.com/tongxiaofeng/bitfs/cmd/bget/main.go:361.20,363.3 1 0
github.com/tongxiaofeng/bitfs/cmd/bget/main.go:365.2,366.16 2 1
github.com/tongxiaofeng/bitfs/cmd/bget/main.go:366.16,367.14 1 0
github.com/tongxiaofeng/bitfs/cmd/bget/main.go:367.14,369.4 1 0
github.com/tongxiaofeng/bitfs/cmd/bget/main.go:370.3,371.11 2 0
github.com/tongxiaofeng/bitfs/cmd/bget/main.go:374.2,375.16 2 1
github.com/tongxiaofeng/bitfs/cmd/bget/main.go:375.16,378.14 3 0
github.com/tongxiaofeng/bitfs/cmd/bget/main.go:378.14,380.4 1 0
github.com/tongxiaofeng/bitfs/cmd/bget/main.go:381.3,382.11 2 0
github.com/tongxiaofeng/bitfs/cmd/bget/main.go:385.2,385.37 1 1
github.com/tongxiaofeng/bitfs/cmd/bget/main.go:385.37,387.14 2 0
github.com/tongxiaofeng/bitfs/cmd/bget/main.go:387.14,389.4 1 0
github.com/tongxiaofeng/bitfs/cmd/bget/main.go:390.3,391.11 2 0
github.com/tongxiaofeng/bitfs/cmd/bget/main.go:394.2,394.13 1 1
github.com/tongxiaofeng/bitfs/cmd/bget/main.go:394.13,402.3 2 0
github.com/tongxiaofeng/bitfs/cmd/bget/main.go:404.2,405.10 2 1
github.com/tongxiaofeng/bitfs/cmd/bget/main.go:414.120,415.24 1 1
github.com/tongxiaofeng/bitfs/cmd/bget/main.go:415.24,417.3 1 0
github.com/tongxiaofeng/bitfs/cmd/bget/main.go:419.2,420.20 2 1
github.com/tongxiaofeng/bitfs/cmd/bget/main.go:420.20,422.3 1 0
github.com/tongxiaofeng/bitfs/cmd/bget/main.go:424.2,425.16 2 1
github.com/tongxiaofeng/bitfs/cmd/bget/main.go:425.16,427.3 1 0
github.com/tongxiaofeng/bitfs/cmd/bget/main.go:428.2,428.15 1 1
github.com/tongxiaofeng/bitfs/cmd/bget/main.go:428.15,428.37 1 1
github.com/tongxiaofeng/bitfs/cmd/bget/main.go:430.2,431.16 2 1
github.com/tongxiaofeng/bitfs/cmd/bget/main.go:431.16,433.3 1 0
github.com/tongxiaofeng/bitfs/cmd/bget/main.go:436.2,437.25 2 1
github.com/tongxiaofeng/bitfs/cmd/bget/main.go:437.25,439.17 2 1
github.com/tongxiaofeng/bitfs/cmd/bget/main.go:439.17,441.4 1 0
github.com/tongxiaofeng/bitfs/cmd/bget/main.go:442.3,443.17 2 1
github.com/tongxiaofeng/bitfs/cmd/bget/main.go:443.17,445.4 1 0
github.com/tongxiaofeng/bitfs/cmd/bget/main.go:447.3,448.17 2 1
github.com/tongxiaofeng/bitfs/cmd/bget/main.go:448.17,450.4 1 0
github.com/tongxiaofeng/bitfs/cmd/bget/main.go:452.3,453.17 2 1
github.com/tongxiaofeng/bitfs/cmd/bget/main.go:453.17,455.4 1 0
github.com/tongxiaofeng/bitfs/cmd/bget/main.go:456.3,456.31 1 1
github.com/tongxiaofeng/bitfs/cmd/bget/main.go:459.2,460.16 2 1
github.com/tongxiaofeng/bitfs/cmd/bget/main.go:460.16,462.3 1 0
github.com/tongxiaofeng/bitfs/cmd/bget/main.go:464.2,465.16 2 1
github.com/tongxiaofeng/bitfs/cmd/bget/main.go:465.16,469.3 3 0
github.com/tongxiaofeng/bitfs/cmd/bget/main.go:471.2,471.37 1 1
github.com/tongxiaofeng/bitfs/cmd/bget/main.go:471.37,474.3 2 0
github.com/tongxiaofeng/bitfs/cmd/bget/main.go:476.2,481.40 2 1
github.com/tongxiaofeng/bitfs/cmd/bget/main.go:485.89,495.2 2 1
github.com/tongxiaofeng/bitfs/cmd/bget/main.go:499.55,505.2 5 1
github.com/tongxiaofeng/bitfs/cmd/bget/main.go:508.61,510.16 2 1
github.com/tongxiaofeng/bitfs/cmd/bget/main.go:510.16,513.3 2 0
github.com/tongxiaofeng/bitfs/cmd/bget/main.go:514.2,515.10 2 1
github.com/tongxiaofeng/bitfs/cmd/bls/main.go:22.13,24.2 1 0
github.com/tongxiaofeng/bitfs/cmd/bls/main.go:26.55,39.39 11 1
github.com/tongxiaofeng/bitfs/cmd/bls/main.go:39.39,41.3 1 1
github.com/tongxiaofeng/bitfs/cmd/bls/main.go:44.2,44.16 1 1
github.com/tongxiaofeng/bitfs/cmd/bls/main.go:44.16,46.3 1 1
github.com/tongxiaofeng/bitfs/cmd/bls/main.go:48.2,48.19 1 1
github.com/tongxiaofeng/bitfs/cmd/bls/main.go:48.19,57.3 2 1
github.com/tongxiaofeng/bitfs/cmd/bls/main.go:59.2,61.16 3 1
github.com/tongxiaofeng/bitfs/cmd/bls/main.go:61.16,64.3 2 1
github.com/tongxiaofeng/bitfs/cmd/bls/main.go:66.2,67.20 2 1
github.com/tongxiaofeng/bitfs/cmd/bls/main.go:67.20,69.17 2 1
github.com/tongxiaofeng/bitfs/cmd/bls/main.go:69.17,72.4 2 1
github.com/tongxiaofeng/bitfs/cmd/bls/main.go:73.3,73.23 1 1
github.com/tongxiaofeng/bitfs/cmd/bls/main.go:76.2,77.16 2 1
github.com/tongxiaofeng/bitfs/cmd/bls/main.go:77.16,80.3 2 0
github.com/tongxiaofeng/bitfs/cmd/bls/main.go:81.2,89.16 8 1
github.com/tongxiaofeng/bitfs/cmd/bls/main.go:89.16,91.3 1 1
github.com/tongxiaofeng/bitfs/cmd/bls/main.go:94.2,94.20 1 1
github.com/tongxiaofeng/bitfs/cmd/bls/main.go:94.20,96.3 1 0
github.com/tongxiaofeng/bitfs/cmd/bls/main.go:99.2,99.14 1 1
github.com/tongxiaofeng/bitfs/cmd/bls/main.go:99.14,101.3 1 1
github.com/tongxiaofeng/bitfs/cmd/bls/main.go:102.2,102.11 1 1
github.com/tongxiaofeng/bitfs/cmd/bls/main.go:102.11,104.3 1 1
github.com/tongxiaofeng/bitfs/cmd/bls/main.go:105.2,105.36 1 1
github.com/tongxiaofeng/bitfs/cmd/bls/main.go:109.64,111.24 1 1
github.com/tongxiaofeng/bitfs/cmd/bls/main.go:111.24,113.17 2 1
github.com/tongxiaofeng/bitfs/cmd/bls/main.go:113.17,115.4 1 0
github.com/tongxiaofeng/bitfs/cmd/bls/main.go:116.3,117.11 2 1
github.com/tongxiaofeng/bitfs/cmd/bls/main.go:120.2,120.38 1 1
github.com/tongxiaofeng/bitfs/cmd/bls/main.go:120.38,122.26 2 1
github.com/tongxiaofeng/bitfs/cmd/bls/main.go:122.26,124.4 1 1
github.com/tongxiaofeng/bitfs/cmd/bls/main.go:125.3,125.31 1 1
github.com/tongxiaofeng/bitfs/cmd/bls/main.go:127.2,127.10 1 1
github.com/tongxiaofeng/bitfs/cmd/bls/main.go:131.61,133.24 1 1
github.com/tongxiaofeng/bitfs/cmd/bls/main.go:133.24,137.3 2 1
github.com/tongxiaofeng/bitfs/cmd/bls/main.go:139.2,139.38 1 1
github.com/tongxiaofeng/bitfs/cmd/bls/main.go:139.38,142.26 2 1
github.com/tongxiaofeng/bitfs/cmd/bls/main.go:142.26,144.4 1 1
github.com/tongxiaofeng/bitfs/cmd/bls/main.go:145.3,145.65 1 1
github.com/tongxiaofeng/bitfs/cmd/bls/main.go:147.2,147.10 1 1
github.com/tongxiaofeng/bitfs/cmd/bls/main.go:151.74,153.16 2 1
github.com/tongxiaofeng/bitfs/cmd/bls/main.go:153.16,156.3 2 0
github.com/tongxiaofeng/bitfs/cmd/bls/main.go:157.2,158.10 2 1
github.com/tongxiaofeng/bitfs/cmd/bls/main.go:162.87,163.19 1 0
github.com/tongxiaofeng/bitfs/cmd/bls/main.go:163.19,165.3 1 0
github.com/tongxiaofeng/bitfs/cmd/bls/main.go:166.2,168.29 3 0
github.com/tongxiaofeng/bitfs/cmd/bls/main.go:168.29,169.52 1 0
github.com/tongxiaofeng/bitfs/cmd/bls/main.go:169.52,171.4 1 0
github.com/tongxiaofeng/bitfs/cmd/bls/main.go:173.2,173.17 1 0
github.com/tongxiaofeng/bitfs/cmd/bls/main.go:177.38,178.16 1 1
github.com/tongxiaofeng/bitfs/cmd/bls/main.go:178.16,180.3 1 1
github.com/tongxiaofeng/bitfs/cmd/bls/main.go:182.2,189.9 2 1
github.com/tongxiaofeng/bitfs/cmd/bls/main.go:190.19,191.58 1 1
github.com/tongxiaofeng/bitfs/cmd/bls/main.go:192.19,193.58 1 1
github.com/tongxiaofeng/bitfs/cmd/bls/main.go:194.19,195.58 1 1
github.com/tongxiaofeng/bitfs/cmd/bls/main.go:196.19,197.58 1 1
github.com/tongxiaofeng/bitfs/cmd/bls/main.go:198.10,199.34 1 1
github.com/tongxiaofeng/bitfs/cmd/bmget/main.go:31.13,33.2 1 0
github.com/tongxiaofeng/bitfs/cmd/bmget/main.go:35.55,50.39 13 1
github.com/tongxiaofeng/bitfs/cmd/bmget/main.go:50.39,52.3 1 0
github.com/tongxiaofeng/bitfs/cmd/bmget/main.go:54.2,54.19 1 1
github.com/tongxiaofeng/bitfs/cmd/bmget/main.go:54.19,65.3 2 1
github.com/tongxiaofeng/bitfs/cmd/bmget/main.go:67.2,72.16 4 1
github.com/tongxiaofeng/bitfs/cmd/bmget/main.go:72.16,73.15 1 0
github.com/tongxiaofeng/bitfs/cmd/bmget/main.go:73.15,75.4 1 0
github.com/tongxiaofeng/bitfs/cmd/bmget/main.go:76.3,77.11 2 0
github.com/tongxiaofeng/bitfs/cmd/bmget/main.go:80.2,81.20 2 1
github.com/tongxiaofeng/bitfs/cmd/bmget/main.go:81.20,83.17 2 1
github.com/tongxiaofeng/bitfs/cmd/bmget/main.go:83.17,84.16 1 1
github.com/tongxiaofeng/bitfs/cmd/bmget/main.go:84.16,86.5 1 0
github.com/tongxiaofeng/bitfs/cmd/bmget/main.go:87.4,88.12 2 1
github.com/tongxiaofeng/bitfs/cmd/bmget/main.go:90.3,90.23 1 0
github.com/tongxiaofeng/bitfs/cmd/bmget/main.go:93.2,94.16 2 1
github.com/tongxiaofeng/bitfs/cmd/bmget/main.go:94.16,95.15 1 0
github.com/tongxiaofeng/bitfs/cmd/bmget/main.go:95.15,97.4 1 0
github.com/tongxiaofeng/bitfs/cmd/bmget/main.go:98.3,99.11 2 0
github.com/tongxiaofeng/bitfs/cmd/bmget/main.go:101.2,112.16 9 1
github.com/tongxiaofeng/bitfs/cmd/bmget/main.go:112.16,113.15 1 0
github.com/tongxiaofeng/bitfs/cmd/bmget/main.go:113.15,115.4 1 0
github.com/tongxiaofeng/bitfs/cmd/bmget/main.go:116.3,116.49 1 0
github.com/tongxiaofeng/bitfs/cmd/bmget/main.go:119.2,119.24 1 1
github.com/tongxiaofeng/bitfs/cmd/bmget/main.go:119.24,120.15 1 1
github.com/tongxiaofeng/bitfs/cmd/bmget/main.go:120.15,122.4 1 1
github.com/tongxiaofeng/bitfs/cmd/bmget/main.go:123.3,124.11 2 1
github.com/tongxiaofeng/bitfs/cmd/bmget/main.go:128.2,129.38 2 1
github.com/tongxiaofeng/bitfs/cmd/bmget/main.go:129.38,130.27 1 1
github.com/tongxiaofeng/bitfs/cmd/bmget/main.go:130.27,132.4 1 1
github.com/tongxiaofeng/bitfs/cmd/bmget/main.go:135.2,135.21 1 1
github.com/tongxiaofeng/bitfs/cmd/bmget/main.go:135.21,136.15 1 1
github.com/tongxiaofeng/bitfs/cmd/bmget/main.go:136.15,144.4 2 1
github.com/tongxiaofeng/bitfs/cmd/bmget/main.go:145.3,146.11 2 1
github.com/tongxiaofeng/bitfs/cmd/bmget/main.go:150.2,150.20 1 1
github.com/tongxiaofeng/bitfs/cmd/bmget/main.go:150.20,152.47 2 0
github.com/tongxiaofeng/bitfs/cmd/bmget/main.go:152.47,154.4 1 0
github.com/tongxiaofeng/bitfs/cmd/bmget/main.go:154.9,156.4 1 0
github.com/tongxiaofeng/bitfs/cmd/bmget/main.go:160.2,160.53 1 1
github.com/tongxiaofeng/bitfs/cmd/bmget/main.go:160.53,161.15 1 0
github.com/tongxiaofeng/bitfs/cmd/bmget/main.go:161.15,163.4 1 0
github.com/tongxiaofeng/bitfs/cmd/bmget/main.go:164.3,165.11 2 0
github.com/tongxiaofeng/bitfs/cmd/bmget/main.go:169.2,170.14 2 1
github.com/tongxiaofeng/bitfs/cmd/bmget/main.go:170.14,175.17 2 0
github.com/tongxiaofeng/bitfs/cmd/bmget/main.go:175.17,176.16 1 0
github.com/tongxiaofeng/bitfs/cmd/bmget/main.go:176.16,178.5 1 0
github.com/tongxiaofeng/bitfs/cmd/bmget/main.go:179.4,180.12 2 0
github.com/tongxiaofeng/bitfs/cmd/bmget/main.go:182.3,182.17 1 0
github.com/tongxiaofeng/bitfs/cmd/bmget/main.go:186.2,187.14 2 1
github.com/tongxiaofeng/bitfs/cmd/bmget/main.go:187.14,189.3 1 0
github.com/tongxiaofeng/bitfs/cmd/bmget/main.go:192.2,200.30 2 1
github.com/tongxiaofeng/bitfs/cmd/bmget/main.go:200.30,201.51 1 1
github.com/tongxiaofeng/bitfs/cmd/bmget/main.go:201.51,209.12 4 0
github.com/tongxiaofeng/bitfs/cmd/bmget/main.go:212.3,215.50 3 1
github.com/tongxiaofeng/bitfs/cmd/bmget/main.go:215.50,217.17 2 1
github.com/tongxiaofeng/bitfs/cmd/bmget/main.go:217.17,217.26 1 1
github.com/tongxiaofeng/bitfs/cmd/bmget/main.go:219.4,219.52 1 1
github.com/tongxiaofeng/bitfs/cmd/bmget/main.go:219.52,228.5 4 1
github.com/tongxiaofeng/bitfs/cmd/bmget/main.go:230.4,239.38 8 1
github.com/tongxiaofeng/bitfs/cmd/bmget/main.go:239.38,241.5 1 1
github.com/tongxiaofeng/bitfs/cmd/bmget/main.go:245.2,250.28 4 1
github.com/tongxiaofeng/bitfs/cmd/bmget/main.go:250.28,251.20 1 1
github.com/tongxiaofeng/bitfs/cmd/bmget/main.go:251.20,253.4 1 1
github.com/tongxiaofeng/bitfs/cmd/bmget/main.go:253.9,255.4 1 1
github.com/tongxiaofeng/bitfs/cmd/bmget/main.go:258.2,258.14 1 1
github.com/tongxiaofeng/bitfs/cmd/bmget/main.go:258.14,266.3 2 0
github.com/tongxiaofeng/bitfs/cmd/bmget/main.go:269.2,269.28 1 1
github.com/tongxiaofeng/bitfs/cmd/bmget/main.go:269.28,270.20 1 1
github.com/tongxiaofeng/bitfs/cmd/bmget/main.go:270.20,272.4 1 1
github.com/tongxiaofeng/bitfs/cmd/bmget/main.go:272.9,274.24 2 1
github.com/tongxiaofeng/bitfs/cmd/bmget/main.go:274.24,276.5 1 0
github.com/tongxiaofeng/bitfs/cmd/bmget/main.go:277.4,277.29 1 1
github.com/tongxiaofeng/bitfs/cmd/bmget/main.go:280.2,282.16 2 1
github.com/tongxiaofeng/bitfs/cmd/bmget/main.go:282.16,284.3 1 1
github.com/tongxiaofeng/bitfs/cmd/bmget/main.go:285.2,285.10 1 1
github.com/tongxiaofeng/bitfs/cmd/bmget/main.go:290.163,293.16 2 1
github.com/tongxiaofeng/bitfs/cmd/bmget/main.go:293.16,295.3 1 0
github.com/tongxiaofeng/bitfs/cmd/bmget/main.go:297.2,297.21 1 1
github.com/tongxiaofeng/bitfs/cmd/bmget/main.go:298.14,299.46 1 1
github.com/tongxiaofeng/bitfs/cmd/bmget/main.go:300.14,301.37 1 1
github.com/tongxiaofeng/bitfs/cmd/bmget/main.go:301.37,306.4 1 1
github.com/tongxiaofeng/bitfs/cmd/bmget/main.go:307.3,307.56 1 0
github.com/tongxiaofeng/bitfs/cmd/bmget/main.go:308.17,309.65 1 1
github.com/tongxiaofeng/bitfs/cmd/bmget/main.go:310.10,311.98 1 0
github.com/tongxiaofeng/bitfs/cmd/bmget/main.go:316.107,317.24 1 1
github.com/tongxiaofeng/bitfs/cmd/bmget/main.go:317.24,319.3 1 1
github.com/tongxiaofeng/bitfs/cmd/bmget/main.go:321.2,322.16 2 1
github.com/tongxiaofeng/bitfs/cmd/bmget/main.go:322.16,324.3 1 1
github.com/tongxiaofeng/bitfs/cmd/bmget/main.go:325.2,325.15 1 1
github.com/tongxiaofeng/bitfs/cmd/bmget/main.go:325.15,325.37 1 1
github.com/tongxiaofeng/bitfs/cmd/bmget/main.go:327.2,328.16 2 1
github.com/tongxiaofeng/bitfs/cmd/bmget/main.go:328.16,330.3 1 0
github.com/tongxiaofeng/bitfs/cmd/bmget/main.go:333.2,334.25 2 1
github.com/tongxiaofeng/bitfs/cmd/bmget/main.go:334.25,336.17 2 1
github.com/tongxiaofeng/bitfs/cmd/bmget/main.go:336.17,338.4 1 0
github.com/tongxiaofeng/bitfs/cmd/bmget/main.go:339.3,340.17 2 1
github.com/tongxiaofeng/bitfs/cmd/bmget/main.go:340.17,342.4 1 0
github.com/tongxiaofeng/bitfs/cmd/bmget/main.go:343.3,344.17 2 1
github.com/tongxiaofeng/bitfs/cmd/bmget/main.go:344.17,346.4 1 0
github.com/tongxiaofeng/bitfs/cmd/bmget/main.go:347.3,348.17 2 1
github.com/tongxiaofeng/bitfs/cmd/bmget/main.go:348.17,350.4 1 0
github.com/tongxiaofeng/bitfs/cmd/bmget/main.go:351.3,351.31 1 1
github.com/tongxiaofeng/bitfs/cmd/bmget/main.go:355.2,356.16 2 1
github.com/tongxiaofeng/bitfs/cmd/bmget/main.go:356.16,358.3 1 0
github.com/tongxiaofeng/bitfs/cmd/bmget/main.go:360.2,363.3 1 1
github.com/tongxiaofeng/bitfs/cmd/bmget/main.go:368.131,369.21 1 0
github.com/tongxiaofeng/bitfs/cmd/bmget/main.go:369.21,371.3 1 0
github.com/tongxiaofeng/bitfs/cmd/bmget/main.go:372.2,372.24 1 0
github.com/tongxiaofeng/bitfs/cmd/bmget/main.go:372.24,374.3 1 0
github.com/tongxiaofeng/bitfs/cmd/bmget/main.go:377.2,382.16 2 0
github.com/tongxiaofeng/bitfs/cmd/bmget/main.go:382.16,384.3 1 0
github.com/tongxiaofeng/bitfs/cmd/bmget/main.go:387.2,388.16 2 0
github.com/tongxiaofeng/bitfs/cmd/bmget/main.go:388.16,394.3 1 0
github.com/tongxiaofeng/bitfs/cmd/bmget/main.go:395.2,395.15 1 0
github.com/tongxiaofeng/bitfs/cmd/bmget/main.go:395.15,395.37 1 0
github.com/tongxiaofeng/bitfs/cmd/bmget/main.go:397.2,398.16 2 0
github.com/tongxiaofeng/bitfs/cmd/bmget/main.go:398.16,404.3 1 0
github.com/tongxiaofeng/bitfs/cmd/bmget/main.go:407.2,408.16 2 0
github.com/tongxiaofeng/bitfs/cmd/bmget/main.go:408.16,410.3 1 0
github.com/tongxiaofeng/bitfs/cmd/bmget/main.go:412.2,413.16 2 0
github.com/tongxiaofeng/bitfs/cmd/bmget/main.go:413.16,415.3 1 0
github.com/tongxiaofeng/bitfs/cmd/bmget/main.go:416.2,417.16 2 0
github.com/tongxiaofeng/bitfs/cmd/bmget/main.go:417.16,419.3 1 0
github.com/tongxiaofeng/bitfs/cmd/bmget/main.go:421.2,422.16 2 0
github.com/tongxiaofeng/bitfs/cmd/bmget/main.go:422.16,428.3 1 0
github.com/tongxiaofeng/bitfs/cmd/bmget/main.go:431.2,432.16 2 0
github.com/tongxiaofeng/bitfs/cmd/bmget/main.go:432.16,438.3 1 0
github.com/tongxiaofeng/bitfs/cmd/bmget/main.go:440.2,444.3 1 0
github.com/tongxiaofeng/bitfs/cmd/bmget/main.go:448.55,450.48 2 1
github.com/tongxiaofeng/bitfs/cmd/bmget/main.go:450.48,452.3 1 0
github.com/tongxiaofeng/bitfs/cmd/bmget/main.go:454.2,455.16 2 1
github.com/tongxiaofeng/bitfs/cmd/bmget/main.go:455.16,457.3 1 0
github.com/tongxiaofeng/bitfs/cmd/bmget/main.go:459.2,460.16 2 1
github.com/tongxiaofeng/bitfs/cmd/bmget/main.go:460.16,464.3 3 0
github.com/tongxiaofeng/bitfs/cmd/bmget/main.go:466.2,466.34 1 1
github.com/tongxiaofeng/bitfs/cmd/bmget/main.go:466.34,469.3 2 0
github.com/tongxiaofeng/bitfs/cmd/bmget/main.go:471.2,471.15 1 1
github.com/tongxiaofeng/bitfs/cmd/bmget/main.go:478.55,484.2 5 1
github.com/tongxiaofeng/bitfs/cmd/bmget/main.go:486.61,488.16 2 1
github.com/tongxiaofeng/bitfs/cmd/bmget/main.go:488.16,491.3 2 0
github.com/tongxiaofeng/bitfs/cmd/bmget/main.go:492.2,493.10 2 1
github.com/tongxiaofeng/bitfs/cmd/btree/main.go:23.13,25.2 1 0
github.com/tongxiaofeng/bitfs/cmd/btree/main.go:27.55,39.39 10 1
github.com/tongxiaofeng/bitfs/cmd/btree/main.go:39.39,41.3 1 1
github.com/tongxiaofeng/bitfs/cmd/btree/main.go:43.2,43.19 1 1
github.com/tongxiaofeng/bitfs/cmd/btree/main.go:43.19,52.3 2 1
github.com/tongxiaofeng/bitfs/cmd/btree/main.go:54.2,56.16 3 1
github.com/tongxiaofeng/bitfs/cmd/btree/main.go:56.16,59.3 2 1
github.com/tongxiaofeng/bitfs/cmd/btree/main.go:61.2,62.20 2 1
github.com/tongxiaofeng/bitfs/cmd/btree/main.go:62.20,64.17 2 1
github.com/tongxiaofeng/bitfs/cmd/btree/main.go:64.17,67.4 2 1
github.com/tongxiaofeng/bitfs/cmd/btree/main.go:68.3,68.23 1 1
github.com/tongxiaofeng/bitfs/cmd/btree/main.go:71.2,72.16 2 1
github.com/tongxiaofeng/bitfs/cmd/btree/main.go:72.16,75.3 2 0
github.com/tongxiaofeng/bitfs/cmd/btree/main.go:76.2,87.16 10 1
github.com/tongxiaofeng/bitfs/cmd/btree/main.go:87.16,89.3 1 1
github.com/tongxiaofeng/bitfs/cmd/btree/main.go:92.2,92.24 1 1
github.com/tongxiaofeng/bitfs/cmd/btree/main.go:92.24,93.15 1 1
github.com/tongxiaofeng/bitfs/cmd/btree/main.go:93.15,100.27 2 1
github.com/tongxiaofeng/bitfs/cmd/btree/main.go:100.27,102.5 1 1
github.com/tongxiaofeng/bitfs/cmd/btree/main.go:103.4,103.43 1 1
github.com/tongxiaofeng/bitfs/cmd/btree/main.go:105.3,106.32 2 1
github.com/tongxiaofeng/bitfs/cmd/btree/main.go:106.32,108.4 1 0
github.com/tongxiaofeng/bitfs/cmd/btree/main.go:109.3,111.11 3 1
github.com/tongxiaofeng/bitfs/cmd/btree/main.go:115.2,118.14 3 1
github.com/tongxiaofeng/bitfs/cmd/btree/main.go:118.14,120.3 1 1
github.com/tongxiaofeng/bitfs/cmd/btree/main.go:123.2,126.15 4 1
github.com/tongxiaofeng/bitfs/cmd/btree/main.go:126.15,128.3 1 1
github.com/tongxiaofeng/bitfs/cmd/btree/main.go:129.2,130.16 2 1
github.com/tongxiaofeng/bitfs/cmd/btree/main.go:130.16,132.3 1 1
github.com/tongxiaofeng/bitfs/cmd/btree/main.go:133.2,134.10 2 1
github.com/tongxiaofeng/bitfs/cmd/btree/main.go:149.133,151.41 2 1
github.com/tongxiaofeng/bitfs/cmd/btree/main.go:151.41,153.3 1 1
github.com/tongxiaofeng/bitfs/cmd/btree/main.go:155.2,160.38 2 1
github.com/tongxiaofeng/bitfs/cmd/btree/main.go:160.38,161.26 1 1
github.com/tongxiaofeng/bitfs/cmd/btree/main.go:161.26,165.48 2 1
github.com/tongxiaofeng/bitfs/cmd/btree/main.go:165.48,170.13 2 1
github.com/tongxiaofeng/bitfs/cmd/btree/main.go:174.4,175.42 2 1
github.com/tongxiaofeng/bitfs/cmd/btree/main.go:175.42,177.5 1 0
github.com/tongxiaofeng/bitfs/cmd/btree/main.go:178.4,179.18 2 1
github.com/tongxiaofeng/bitfs/cmd/btree/main.go:179.18,185.13 2 0
github.com/tongxiaofeng/bitfs/cmd/btree/main.go:187.4,189.50 3 1
github.com/tongxiaofeng/bitfs/cmd/btree/main.go:190.9,199.4 2 1
github.com/tongxiaofeng/bitfs/cmd/btree/main.go:202.2,202.13 1 1
github.com/tongxiaofeng/bitfs/cmd/btree/main.go:206.65,207.33 1 1
github.com/tongxiaofeng/bitfs/cmd/btree/main.go:207.33,211.13 3 1
github.com/tongxiaofeng/bitfs/cmd/btree/main.go:211.13,213.4 1 1
github.com/tongxiaofeng/bitfs/cmd/btree/main.go:215.3,215.26 1 1
github.com/tongxiaofeng/bitfs/cmd/btree/main.go:215.26,217.4 1 1
github.com/tongxiaofeng/bitfs/cmd/btree/main.go:217.9,219.26 2 1
github.com/tongxiaofeng/bitfs/cmd/btree/main.go:219.26,221.5 1 0
github.com/tongxiaofeng/bitfs/cmd/btree/main.go:222.4,222.75 1 1
github.com/tongxiaofeng/bitfs/cmd/btree/main.go:226.3,226.53 1 1
github.com/tongxiaofeng/bitfs/cmd/btree/main.go:226.53,228.14 2 1
github.com/tongxiaofeng/bitfs/cmd/btree/main.go:228.14,230.5 1 1
github.com/tongxiaofeng/bitfs/cmd/btree/main.go:231.4,231.45 1 1
github.com/tongxiaofeng/bitfs/cmd/btree/main.go:238.81,239.40 1 1
github.com/tongxiaofeng/bitfs/cmd/btree/main.go:239.40,241.3 1 1
github.com/tongxiaofeng/bitfs/cmd/btree/main.go:242.2,242.14 1 1
github.com/tongxiaofeng/bitfs/cmd/btree/main.go:242.14,244.3 1 1
github.com/tongxiaofeng/bitfs/cmd/btree/main.go:245.2,245.15 1 1
github.com/tongxiaofeng/bitfs/cmd/btree/main.go:249.62,251.16 2 1
github.com/tongxiaofeng/bitfs/cmd/btree/main.go:251.16,254.3 2 0
github.com/tongxiaofeng/bitfs/cmd/btree/main.go:255.2,256.10 2 1
github.com/tongxiaofeng/bitfs/cmd/btree/main.go:260.38,261.16 1 1
github.com/tongxiaofeng/bitfs/cmd/btree/main.go:261.16,263.3 1 1
github.com/tongxiaofeng/bitfs/cmd/btree/main.go:265.2,272.9 2 1
github.com/tongxiaofeng/bitfs/cmd/btree/main.go:273.19,274.58 1 1
github.com/tongxiaofeng/bitfs/cmd/btree/main.go:275.19,276.58 1 1
github.com/tongxiaofeng/bitfs/cmd/btree/main.go:277.19,278.58 1 1
github.com/tongxiaofeng/bitfs/cmd/btree/main.go:279.19,280.58 1 1
github.com/tongxiaofeng/bitfs/cmd/btree/main.go:281.10,282.34 1 1
github.com/tongxiaofeng/bitfs/internal/client/cache.go:27.61,29.2 1 1
github.com/tongxiaofeng/bitfs/internal/client/cache.go:32.42,35.2 2 1
github.com/tongxiaofeng/bitfs/internal/client/cache.go:38.50,40.2 1 1
github.com/tongxiaofeng/bitfs/internal/client/cache.go:43.68,46.16 3 1
github.com/tongxiaofeng/bitfs/internal/client/cache.go:46.16,47.25 1 1
github.com/tongxiaofeng/bitfs/internal/client/cache.go:47.25,49.4 1 1
github.com/tongxiaofeng/bitfs/internal/client/cache.go:50.3,50.18 1 0
github.com/tongxiaofeng/bitfs/internal/client/cache.go:53.2,54.53 2 1
github.com/tongxiaofeng/bitfs/internal/client/cache.go:54.53,57.3 2 0
github.com/tongxiaofeng/bitfs/internal/client/cache.go:59.2,59.40 1 1
github.com/tongxiaofeng/bitfs/internal/client/cache.go:59.40,61.3 1 1
github.com/tongxiaofeng/bitfs/internal/client/cache.go:63.2,63.28 1 1
github.com/tongxiaofeng/bitfs/internal/client/cache.go:67.65,75.16 6 1
github.com/tongxiaofeng/bitfs/internal/client/cache.go:75.16,77.3 1 0
github.com/tongxiaofeng/bitfs/internal/client/cache.go:78.2,78.34 1 1
github.com/tongxiaofeng/bitfs/internal/client/cache.go:82.52,85.2 2 1
github.com/tongxiaofeng/bitfs/internal/client/cached.go:23.72,25.2 1 1
github.com/tongxiaofeng/bitfs/internal/client/cached.go:28.58,29.21 1 1
github.com/tongxiaofeng/bitfs/internal/client/cached.go:29.21,31.3 1 1
github.com/tongxiaofeng/bitfs/internal/client/cached.go:32.2,32.32 1 0
github.com/tongxiaofeng/bitfs/internal/client/cached.go:36.76,40.17 2 1
github.com/tongxiaofeng/bitfs/internal/client/cached.go:40.17,42.34 2 1
github.com/tongxiaofeng/bitfs/internal/client/cached.go:42.34,44.4 1 1
github.com/tongxiaofeng/bitfs/internal/client/cached.go:48.2,48.16 1 1
github.com/tongxiaofeng/bitfs/internal/client/cached.go:48.16,50.3 1 1
github.com/tongxiaofeng/bitfs/internal/client/cached.go:53.2,54.16 2 1
github.com/tongxiaofeng/bitfs/internal/client/cached.go:54.16,56.3 1 0
github.com/tongxiaofeng/bitfs/internal/client/cached.go:59.2,60.18 2 1
github.com/tongxiaofeng/bitfs/internal/client/client.go:92.34,99.2 1 1
github.com/tongxiaofeng/bitfs/internal/client/client.go:103.55,111.2 1 1
github.com/tongxiaofeng/bitfs/internal/client/client.go:115.69,117.56 1 1
github.com/tongxiaofeng/bitfs/internal/client/client.go:117.56,119.3 1 1
github.com/tongxiaofeng/bitfs/internal/client/client.go:122.2,123.29 2 1
github.com/tongxiaofeng/bitfs/internal/client/client.go:123.29,125.3 1 1
github.com/tongxiaofeng/bitfs/internal/client/client.go:126.2,130.16 4 1
github.com/tongxiaofeng/bitfs/internal/client/client.go:130.16,132.3 1 1
github.com/tongxiaofeng/bitfs/internal/client/client.go:133.2,133.15 1 1
github.com/tongxiaofeng/bitfs/internal/client/client.go:133.15,133.40 1 1
github.com/tongxiaofeng/bitfs/internal/client/client.go:135.2,135.42 1 1
github.com/tongxiaofeng/bitfs/internal/client/client.go:135.42,137.3 1 1
github.com/tongxiaofeng/bitfs/internal/client/client.go:139.2,140.65 2 1
github.com/tongxiaofeng/bitfs/internal/client/client.go:140.65,142.3 1 1
github.com/tongxiaofeng/bitfs/internal/client/client.go:143.2,143.19 1 1
github.com/tongxiaofeng/bitfs/internal/client/client.go:149.62,151.54 1 1
github.com/tongxiaofeng/bitfs/internal/client/client.go:151.54,153.3 1 1
github.com/tongxiaofeng/bitfs/internal/client/client.go:155.2,158.16 3 1
github.com/tongxiaofeng/bitfs/internal/client/client.go:158.16,160.3 1 1
github.com/tongxiaofeng/bitfs/internal/client/client.go:162.2,162.42 1 1
github.com/tongxiaofeng/bitfs/internal/client/client.go:162.42,165.3 2 1
github.com/tongxiaofeng/bitfs/internal/client/client.go:167.2,167.23 1 1
github.com/tongxiaofeng/bitfs/internal/client/client.go:174.86,176.56 2 1
github.com/tongxiaofeng/bitfs/internal/client/client.go:176.56,180.3 3 1
github.com/tongxiaofeng/bitfs/internal/client/client.go:182.2,183.16 2 1
github.com/tongxiaofeng/bitfs/internal/client/client.go:183.16,185.3 1 0
github.com/tongxiaofeng/bitfs/internal/client/client.go:186.2,186.15 1 1
github.com/tongxiaofeng/bitfs/internal/client/client.go:186.15,186.40 1 1
github.com/tongxiaofeng/bitfs/internal/client/client.go:188.2,188.42 1 1
github.com/tongxiaofeng/bitfs/internal/client/client.go:188.42,190.3 1 1
github.com/tongxiaofeng/bitfs/internal/client/client.go:192.2,193.65 2 1
github.com/tongxiaofeng/bitfs/internal/client/client.go:193.65,195.3 1 1
github.com/tongxiaofeng/bitfs/internal/client/client.go:196.2,196.19 1 1
github.com/tongxiaofeng/bitfs/internal/client/client.go:202.86,206.16 3 1
github.com/tongxiaofeng/bitfs/internal/client/client.go:206.16,208.3 1 0
github.com/tongxiaofeng/bitfs/internal/client/client.go:209.2,212.16 3 1
github.com/tongxiaofeng/bitfs/internal/client/client.go:212.16,214.3 1 1
github.com/tongxiaofeng/bitfs/internal/client/client.go:215.2,215.15 1 1
github.com/tongxiaofeng/bitfs/internal/client/client.go:215.15,215.40 1 1
github.com/tongxiaofeng/bitfs/internal/client/client.go:217.2,217.42 1 1
github.com/tongxiaofeng/bitfs/internal/client/client.go:217.42,219.3 1 1
github.com/tongxiaofeng/bitfs/internal/client/client.go:221.2,222.68 2 1
github.com/tongxiaofeng/bitfs/internal/client/client.go:222.68,224.3 1 1
github.com/tongxiaofeng/bitfs/internal/client/client.go:225.2,225.22 1 1
github.com/tongxiaofeng/bitfs/internal/client/client.go:240.74,242.56 1 0
github.com/tongxiaofeng/bitfs/internal/client/client.go:242.56,244.3 1 0
github.com/tongxiaofeng/bitfs/internal/client/client.go:247.2,248.29 2 0
github.com/tongxiaofeng/bitfs/internal/client/client.go:248.29,250.3 1 0
github.com/tongxiaofeng/bitfs/internal/client/client.go:251.2,255.16 4 0
github.com/tongxiaofeng/bitfs/internal/client/client.go:255.16,257.3 1 0
github.com/tongxiaofeng/bitfs/internal/client/client.go:258.2,258.15 1 0
github.com/tongxiaofeng/bitfs/internal/client/client.go:258.15,258.40 1 0
github.com/tongxiaofeng/bitfs/internal/client/client.go:260.2,260.42 1 0
github.com/tongxiaofeng/bitfs/internal/client/client.go:260.42,262.3 1 0
github.com/tongxiaofeng/bitfs/internal/client/client.go:264.2,265.69 2 0
github.com/tongxiaofeng/bitfs/internal/client/client.go:265.69,267.3 1 0
github.com/tongxiaofeng/bitfs/internal/client/client.go:268.2,268.22 1 0
github.com/tongxiaofeng/bitfs/internal/client/client.go:281.68,285.16 3 0
github.com/tongxiaofeng/bitfs/internal/client/client.go:285.16,287.3 1 0
github.com/tongxiaofeng/bitfs/internal/client/client.go:288.2,288.15 1 0
github.com/tongxiaofeng/bitfs/internal/client/client.go:288.15,288.40 1 0
github.com/tongxiaofeng/bitfs/internal/client/client.go:290.2,290.42 1 0
github.com/tongxiaofeng/bitfs/internal/client/client.go:290.42,292.3 1 0
github.com/tongxiaofeng/bitfs/internal/client/client.go:294.2,295.67 2 0
github.com/tongxiaofeng/bitfs/internal/client/client.go:295.67,297.3 1 0
github.com/tongxiaofeng/bitfs/internal/client/client.go:298.2,298.21 1 0
github.com/tongxiaofeng/bitfs/internal/client/client.go:303.75,307.16 3 0
github.com/tongxiaofeng/bitfs/internal/client/client.go:307.16,309.3 1 0
github.com/tongxiaofeng/bitfs/internal/client/client.go:310.2,310.15 1 0
github.com/tongxiaofeng/bitfs/internal/client/client.go:310.15,310.40 1 0
github.com/tongxiaofeng/bitfs/internal/client/client.go:312.2,312.42 1 0
github.com/tongxiaofeng/bitfs/internal/client/client.go:312.42,314.3 1 0
github.com/tongxiaofeng/bitfs/internal/client/client.go:316.2,317.68 2 0
github.com/tongxiaofeng/bitfs/internal/client/client.go:317.68,319.3 1 0
github.com/tongxiaofeng/bitfs/internal/client/client.go:320.2,320.21 1 0
github.com/tongxiaofeng/bitfs/internal/client/client.go:325.45,326.53 1 1
github.com/tongxiaofeng/bitfs/internal/client/client.go:326.53,328.3 1 1
github.com/tongxiaofeng/bitfs/internal/client/client.go:331.2,334.25 3 1
github.com/tongxiaofeng/bitfs/internal/client/client.go:335.27,336.48 1 1
github.com/tongxiaofeng/bitfs/internal/client/client.go:337.34,338.55 1 1
github.com/tongxiaofeng/bitfs/internal/client/client.go:339.60,340.47 1 0
github.com/tongxiaofeng/bitfs/internal/client/client.go:341.34,342.51 1 1
github.com/tongxiaofeng/bitfs/internal/client/client.go:343.10,344.29 1 1
github.com/tongxiaofeng/bitfs/internal/client/client.go:344.29,346.4 1 1
github.com/tongxiaofeng/bitfs/internal/client/client.go:347.3,347.76 1 1
github.com/tongxiaofeng/bitfs/internal/client/client.go:352.40,354.2 1 1
github.com/tongxiaofeng/bitfs/internal/client/client.go:357.66,358.31 1 1
github.com/tongxiaofeng/bitfs/internal/client/client.go:358.31,360.3 1 1
github.com/tongxiaofeng/bitfs/internal/client/client.go:361.2,361.47 1 1
github.com/tongxiaofeng/bitfs/internal/client/client.go:361.47,363.3 1 1
github.com/tongxiaofeng/bitfs/internal/client/client.go:364.2,364.12 1 1
github.com/tongxiaofeng/bitfs/internal/client/resolve.go:28.131,29.23 1 1
github.com/tongxiaofeng/bitfs/internal/client/resolve.go:29.23,31.3 1 1
github.com/tongxiaofeng/bitfs/internal/client/resolve.go:32.2,32.24 1 1
github.com/tongxiaofeng/bitfs/internal/client/resolve.go:32.24,34.3 1 1
github.com/tongxiaofeng/bitfs/internal/client/resolve.go:36.2,37.16 2 1
github.com/tongxiaofeng/bitfs/internal/client/resolve.go:37.16,39.3 1 1
github.com/tongxiaofeng/bitfs/internal/client/resolve.go:41.2,45.9 3 1
github.com/tongxiaofeng/bitfs/internal/client/resolve.go:46.26,47.49 1 1
github.com/tongxiaofeng/bitfs/internal/client/resolve.go:48.26,49.44 1 1
github.com/tongxiaofeng/bitfs/internal/client/resolve.go:50.10,51.95 1 1
github.com/tongxiaofeng/bitfs/internal/client/resolve.go:55.2,56.16 2 1
github.com/tongxiaofeng/bitfs/internal/client/resolve.go:56.16,58.3 1 0
github.com/tongxiaofeng/bitfs/internal/client/resolve.go:59.2,60.16 2 1
github.com/tongxiaofeng/bitfs/internal/client/resolve.go:60.16,62.3 1 1
github.com/tongxiaofeng/bitfs/internal/client/resolve.go:64.2,68.8 1 1
github.com/tongxiaofeng/bitfs/internal/client/resolve.go:73.48,74.87 1 1
github.com/tongxiaofeng/bitfs/internal/client/resolve.go:74.87,76.3 1 1
github.com/tongxiaofeng/bitfs/internal/client/resolve.go:77.2,77.30 1 1
github.com/tongxiaofeng/bitfs/cmd/bstat/main.go:21.13,23.2 1 0
github.com/tongxiaofeng/bitfs/cmd/bstat/main.go:25.55,36.39 9 1
github.com/tongxiaofeng/bitfs/cmd/bstat/main.go:36.39,38.3 1 1
github.com/tongxiaofeng/bitfs/cmd/bstat/main.go:40.2,40.19 1 1
github.com/tongxiaofeng/bitfs/cmd/bstat/main.go:40.19,49.3 2 1
github.com/tongxiaofeng/bitfs/cmd/bstat/main.go:51.2,53.16 3 1
github.com/tongxiaofeng/bitfs/cmd/bstat/main.go:53.16,56.3 2 1
github.com/tongxiaofeng/bitfs/cmd/bstat/main.go:58.2,59.20 2 1
github.com/tongxiaofeng/bitfs/cmd/bstat/main.go:59.20,61.17 2 1
github.com/tongxiaofeng/bitfs/cmd/bstat/main.go:61.17,64.4 2 1
github.com/tongxiaofeng/bitfs/cmd/bstat/main.go:65.3,65.23 1 1
github.com/tongxiaofeng/bitfs/cmd/bstat/main.go:69.2,69.15 1 1
github.com/tongxiaofeng/bitfs/cmd/bstat/main.go:69.15,71.21 2 1
github.com/tongxiaofeng/bitfs/cmd/bstat/main.go:71.21,73.4 1 1
github.com/tongxiaofeng/bitfs/cmd/bstat/main.go:74.3,74.15 1 1
github.com/tongxiaofeng/bitfs/cmd/bstat/main.go:74.15,78.4 3 1
github.com/tongxiaofeng/bitfs/cmd/bstat/main.go:79.3,80.26 2 1
github.com/tongxiaofeng/bitfs/cmd/bstat/main.go:80.26,82.22 2 1
github.com/tongxiaofeng/bitfs/cmd/bstat/main.go:82.22,84.5 1 1
github.com/tongxiaofeng/bitfs/cmd/bstat/main.go:85.4,87.49 2 1
github.com/tongxiaofeng/bitfs/cmd/bstat/main.go:89.3,89.11 1 1
github.com/tongxiaofeng/bitfs/cmd/bstat/main.go:92.2,93.16 2 1
github.com/tongxiaofeng/bitfs/cmd/bstat/main.go:93.16,96.3 2 0
github.com/tongxiaofeng/bitfs/cmd/bstat/main.go:97.2,105.16 8 1
github.com/tongxiaofeng/bitfs/cmd/bstat/main.go:105.16,107.3 1 1
github.com/tongxiaofeng/bitfs/cmd/bstat/main.go:110.2,110.14 1 1
github.com/tongxiaofeng/bitfs/cmd/bstat/main.go:110.14,112.3 1 1
github.com/tongxiaofeng/bitfs/cmd/bstat/main.go:113.2,113.34 1 1
github.com/tongxiaofeng/bitfs/cmd/bstat/main.go:117.62,126.25 5 1
github.com/tongxiaofeng/bitfs/cmd/bstat/main.go:126.25,128.3 1 1
github.com/tongxiaofeng/bitfs/cmd/bstat/main.go:130.2,130.24 1 1
github.com/tongxiaofeng/bitfs/cmd/bstat/main.go:130.24,132.3 1 1
github.com/tongxiaofeng/bitfs/cmd/bstat/main.go:132.8,133.24 1 1
github.com/tongxiaofeng/bitfs/cmd/bstat/main.go:133.24,135.4 1 1
github.com/tongxiaofeng/bitfs/cmd/bstat/main.go:136.3,136.25 1 1
github.com/tongxiaofeng/bitfs/cmd/bstat/main.go:136.25,138.4 1 1
github.com/tongxiaofeng/bitfs/cmd/bstat/main.go:141.2,141.25 1 1
github.com/tongxiaofeng/bitfs/cmd/bstat/main.go:141.25,143.3 1 1
github.com/tongxiaofeng/bitfs/cmd/bstat/main.go:145.2,145.21 1 1
github.com/tongxiaofeng/bitfs/cmd/bstat/main.go:145.21,147.3 1 1
github.com/tongxiaofeng/bitfs/cmd/bstat/main.go:149.2,149.24 1 1
github.com/tongxiaofeng/bitfs/cmd/bstat/main.go:149.24,152.3 2 0
github.com/tongxiaofeng/bitfs/cmd/bstat/main.go:154.2,154.10 1 1
github.com/tongxiaofeng/bitfs/cmd/bstat/main.go:158.74,160.16 2 1
github.com/tongxiaofeng/bitfs/cmd/bstat/main.go:160.16,163.3 2 0
github.com/tongxiaofeng/bitfs/cmd/bstat/main.go:164.2,165.10 2 1
github.com/tongxiaofeng/bitfs/cmd/bstat/main.go:169.38,170.16 1 1
github.com/tongxiaofeng/bitfs/cmd/bstat/main.go:170.16,172.3 1 1
github.com/tongxiaofeng/bitfs/cmd/bstat/main.go:174.2,181.9 2 1
github.com/tongxiaofeng/bitfs/cmd/bstat/main.go:182.19,183.60 1 1
github.com/tongxiaofeng/bitfs/cmd/bstat/main.go:184.19,185.60 1 1
github.com/tongxiaofeng/bitfs/cmd/bstat/main.go:186.19,187.60 1 1
github.com/tongxiaofeng/bitfs/cmd/bstat/main.go:188.19,189.60 1 1
github.com/tongxiaofeng/bitfs/cmd/bstat/main.go:190.10,191.36 1 1
github.com/tongxiaofeng/bitfs/internal/buyer/buy.go:31.38,32.48 1 1
github.com/tongxiaofeng/bitfs/internal/buyer/buy.go:32.48,34.3 1 1
github.com/tongxiaofeng/bitfs/internal/buyer/buy.go:35.2,35.18 1 1
github.com/tongxiaofeng/bitfs/internal/buyer/buy.go:35.18,37.3 1 1
github.com/tongxiaofeng/bitfs/internal/buyer/buy.go:38.2,38.12 1 1
github.com/tongxiaofeng/bitfs/internal/buyer/buy.go:46.49,47.42 1 0
github.com/tongxiaofeng/bitfs/internal/buyer/buy.go:47.42,49.3 1 0
github.com/tongxiaofeng/bitfs/internal/buyer/buy.go:51.2,56.16 4 0
github.com/tongxiaofeng/bitfs/internal/buyer/buy.go:56.16,58.3 1 0
github.com/tongxiaofeng/bitfs/internal/buyer/buy.go:61.2,62.16 2 0
github.com/tongxiaofeng/bitfs/internal/buyer/buy.go:62.16,64.3 1 0
github.com/tongxiaofeng/bitfs/internal/buyer/buy.go:67.2,68.16 2 0
github.com/tongxiaofeng/bitfs/internal/buyer/buy.go:68.16,70.3 1 0
github.com/tongxiaofeng/bitfs/internal/buyer/buy.go:73.2,74.16 2 0
github.com/tongxiaofeng/bitfs/internal/buyer/buy.go:74.16,76.3 1 0
github.com/tongxiaofeng/bitfs/internal/buyer/buy.go:79.2,80.16 2 0
github.com/tongxiaofeng/bitfs/internal/buyer/buy.go:80.16,82.3 1 0
github.com/tongxiaofeng/bitfs/internal/buyer/buy.go:85.2,98.16 3 0
github.com/tongxiaofeng/bitfs/internal/buyer/buy.go:98.16,100.3 1 0
github.com/tongxiaofeng/bitfs/internal/buyer/buy.go:103.2,104.16 2 0
github.com/tongxiaofeng/bitfs/internal/buyer/buy.go:104.16,106.3 1 0
github.com/tongxiaofeng/bitfs/internal/buyer/buy.go:109.2,110.16 2 0
github.com/tongxiaofeng/bitfs/internal/buyer/buy.go:110.16,112.3 1 0
github.com/tongxiaofeng/bitfs/internal/buyer/buy.go:115.2,116.36 2 0
github.com/tongxiaofeng/bitfs/internal/buyer/buy.go:116.36,118.17 2 0
github.com/tongxiaofeng/bitfs/internal/buyer/buy.go:118.17,120.4 1 0
github.com/tongxiaofeng/bitfs/internal/buyer/buy.go:124.2,125.26 2 0
github.com/tongxiaofeng/bitfs/internal/buyer/buy.go:125.26,127.3 1 0
github.com/tongxiaofeng/bitfs/internal/buyer/buy.go:128.2,129.43 2 0
github.com/tongxiaofeng/bitfs/internal/buyer/buy.go:129.43,132.3 1 0
github.com/tongxiaofeng/bitfs/internal/buyer/buy.go:134.2,139.8 1 0
github.com/tongxiaofeng/bitfs/internal/buyer/buy.go:145.78,147.40 1 0
github.com/tongxiaofeng/bitfs/internal/buyer/buy.go:147.40,150.47 2 0
github.com/tongxiaofeng/bitfs/internal/buyer/buy.go:150.47,152.4 1 0
github.com/tongxiaofeng/bitfs/internal/buyer/buy.go:153.3,154.24 2 0
github.com/tongxiaofeng/bitfs/internal/buyer/buy.go:154.24,157.4 1 0
github.com/tongxiaofeng/bitfs/internal/buyer/buy.go:158.3,158.40 1 0
github.com/tongxiaofeng/bitfs/internal/buyer/buy.go:162.2,162.30 1 0
github.com/tongxiaofeng/bitfs/internal/buyer/buy.go:162.30,164.3 1 0
github.com/tongxiaofeng/bitfs/internal/buyer/buy.go:167.2,170.93 3 0
github.com/tongxiaofeng/bitfs/internal/buyer/config.go:36.60,44.19 5 1
github.com/tongxiaofeng/bitfs/internal/buyer/config.go:44.19,47.3 2 1
github.com/tongxiaofeng/bitfs/internal/buyer/config.go:48.2,49.66 2 1
github.com/tongxiaofeng/bitfs/internal/buyer/config.go:49.66,52.3 2 1
github.com/tongxiaofeng/bitfs/internal/buyer/config.go:55.2,56.18 2 1
github.com/tongxiaofeng/bitfs/internal/buyer/config.go:56.18,58.3 1 1
github.com/tongxiaofeng/bitfs/internal/buyer/config.go:61.2,61.30 1 1
github.com/tongxiaofeng/bitfs/internal/buyer/config.go:61.30,63.3 1 1
github.com/tongxiaofeng/bitfs/internal/buyer/config.go:65.2,65.18 1 1
github.com/tongxiaofeng/bitfs/internal/buyer/config.go:65.18,67.3 1 1
github.com/tongxiaofeng/bitfs/internal/buyer/config.go:70.2,71.16 2 1
github.com/tongxiaofeng/bitfs/internal/buyer/config.go:71.16,73.3 1 1
github.com/tongxiaofeng/bitfs/internal/buyer/config.go:74.2,76.23 2 1
github.com/tongxiaofeng/bitfs/internal/buyer/config.go:76.23,78.3 1 1
github.com/tongxiaofeng/bitfs/internal/buyer/config.go:81.2,81.25 1 1
github.com/tongxiaofeng/bitfs/internal/buyer/config.go:81.25,83.17 2 1
github.com/tongxiaofeng/bitfs/internal/buyer/config.go:83.17,85.4 1 0
github.com/tongxiaofeng/bitfs/internal/buyer/config.go:87.3,88.43 2 1
github.com/tongxiaofeng/bitfs/internal/buyer/config.go:91.2,91.17 1 1
github.com/tongxiaofeng/bitfs/internal/buyer/config.go:95.69,97.16 2 1
github.com/tongxiaofeng/bitfs/internal/buyer/config.go:97.16,99.3 1 1
github.com/tongxiaofeng/bitfs/internal/buyer/config.go:100.2,100.15 1 1
github.com/tongxiaofeng/bitfs/internal/buyer/config.go:100.15,100.32 1 1
github.com/tongxiaofeng/bitfs/internal/buyer/config.go:102.2,103.21 2 1
github.com/tongxiaofeng/bitfs/internal/buyer/config.go:103.21,105.49 2 1
github.com/tongxiaofeng/bitfs/internal/buyer/config.go:105.49,106.12 1 0
github.com/tongxiaofeng/bitfs/internal/buyer/config.go:108.3,109.14 2 1
github.com/tongxiaofeng/bitfs/internal/buyer/config.go:109.14,110.12 1 0
github.com/tongxiaofeng/bitfs/internal/buyer/config.go:112.3,114.14 3 1
github.com/tongxiaofeng/bitfs/internal/buyer/config.go:115.21,116.18 1 1
github.com/tongxiaofeng/bitfs/internal/buyer/config.go:117.18,118.19 1 1
github.com/tongxiaofeng/bitfs/internal/buyer/config.go:121.2,121.39 1 1
github.com/tongxiaofeng/bitfs/internal/buyer/config.go:125.61,127.16 2 1
github.com/tongxiaofeng/bitfs/internal/buyer/config.go:127.16,129.3 1 1
github.com/tongxiaofeng/bitfs/internal/buyer/config.go:130.2,130.25 1 1
github.com/tongxiaofeng/bitfs/internal/buyer/config.go:130.25,132.3 1 0
github.com/tongxiaofeng/bitfs/internal/buyer/config.go:133.2,134.20 2 1
github.com/tongxiaofeng/bitfs/internal/buyer/config.go:134.20,136.3 1 0
github.com/tongxiaofeng/bitfs/internal/buyer/config.go:137.2,137.21 1 1
github.com/tongxiaofeng/bitfs/internal/buyer/config.go:141.54,143.21 2 1
github.com/tongxiaofeng/bitfs/internal/buyer/config.go:143.21,145.3 1 0
github.com/tongxiaofeng/bitfs/internal/buyer/config.go:146.2,147.16 2 1
github.com/tongxiaofeng/bitfs/internal/buyer/config.go:147.16,149.3 1 0
github.com/tongxiaofeng/bitfs/internal/buyer/config.go:150.2,150.21 1 1
github.com/tongxiaofeng/bitfs/internal/buyer/config.go:150.21,152.3 1 0
github.com/tongxiaofeng/bitfs/internal/buyer/config.go:153.2,154.16 2 1
github.com/tongxiaofeng/bitfs/internal/buyer/config.go:154.16,156.3 1 0
github.com/tongxiaofeng/bitfs/internal/buyer/config.go:157.2,158.16 2 1
github.com/tongxiaofeng/bitfs/internal/buyer/config.go:158.16,160.3 1 0
github.com/tongxiaofeng/bitfs/internal/buyer/config.go:161.2,165.8 1 1
github.com/tongxiaofeng/bitfs/internal/buyer/config.go:169.42,175.2 5 1
github.com/tongxiaofeng/bitfs/internal/buyer/config.go:178.55,179.16 1 1
github.com/tongxiaofeng/bitfs/internal/buyer/config.go:179.16,181.3 1 1
github.com/tongxiaofeng/bitfs/internal/buyer/config.go:182.2,182.23 1 1
github.com/tongxiaofeng/bitfs/internal/buyer/exit.go:17.39,18.9 1 1
github.com/tongxiaofeng/bitfs/internal/buyer/exit.go:19.42,20.11 1 1
github.com/tongxiaofeng/bitfs/internal/buyer/exit.go:21.110,22.11 1 1
github.com/tongxiaofeng/bitfs/internal/buyer/exit.go:23.49,24.11 1 1
github.com/tongxiaofeng/bitfs/internal/buyer/exit.go:25.10,26.11 1 1
github.com/tongxiaofeng/bitfs/internal/buyer/exit.go:31.37,32.9 1 1
github.com/tongxiaofeng/bitfs/internal/buyer/exit.go:33.42,34.21 1 1
github.com/tongxiaofeng/bitfs/internal/buyer/exit.go:35.41,36.27 1 1
github.com/tongxiaofeng/bitfs/internal/buyer/exit.go:37.41,38.25 1 1
github.com/tongxiaofeng/bitfs/internal/buyer/exit.go:39.40,40.24 1 1
github.com/tongxiaofeng/bitfs/internal/buyer/exit.go:41.10,42.21 1 1
github.com/tongxiaofeng/bitfs/internal/buyer/exit.go:48.68,51.53 3 1
github.com/tongxiaofeng/bitfs/internal/buyer/exit.go:51.53,54.3 1 1
github.com/tongxiaofeng/bitfs/internal/buyer/exit.go:54.8,56.3 1 1
github.com/tongxiaofeng/bitfs/internal/buyer/exit.go:57.2,57.13 1 1
github.com/tongxiaofeng/bitfs/internal/buyer/utxo.go:21.64,24.2 2 1
github.com/tongxiaofeng/bitfs/internal/buyer/utxo.go:30.136,32.16 2 1
github.com/tongxiaofeng/bitfs/internal/buyer/utxo.go:32.16,34.3 1 0
github.com/tongxiaofeng/bitfs/internal/buyer/utxo.go:37.2,37.43 1 1
github.com/tongxiaofeng/bitfs/internal/buyer/utxo.go:37.43,39.3 1 1
github.com/tongxiaofeng/bitfs/internal/buyer/utxo.go:41.2,44.29 3 1
github.com/tongxiaofeng/bitfs/internal/buyer/utxo.go:44.29,46.20 2 1
github.com/tongxiaofeng/bitfs/internal/buyer/utxo.go:46.20,47.12 1 1
github.com/tongxiaofeng/bitfs/internal/buyer/utxo.go:49.3,49.22 1 1
github.com/tongxiaofeng/bitfs/internal/buyer/utxo.go:49.22,50.12 1 0
github.com/tongxiaofeng/bitfs/internal/buyer/utxo.go:52.3,53.20 2 1
github.com/tongxiaofeng/bitfs/internal/buyer/utxo.go:53.20,54.12 1 0
github.com/tongxiaofeng/bitfs/internal/buyer/utxo.go:57.3,67.31 4 1
github.com/tongxiaofeng/bitfs/internal/buyer/utxo.go:67.31,69.4 1 1
github.com/tongxiaofeng/bitfs/internal/buyer/utxo.go:73.2,74.29 2 1
github.com/tongxiaofeng/bitfs/internal/buyer/utxo.go:74.29,76.3 1 1
github.com/tongxiaofeng/bitfs/internal/buyer/utxo.go:77.2,80.18 1 1
github.com/tongxiaofeng/bitfs/cmd/bitfs/cmd_cat.go:19.32,26.39 6 0
github.com/tongxiaofeng/bitfs/cmd/bitfs/cmd_cat.go:26.39,28.3 1 0
github.com/tongxiaofeng/bitfs/cmd/bitfs/cmd_cat.go:30.2,30.19 1 0
github.com/tongxiaofeng/bitfs/cmd/bitfs/cmd_cat.go:30.19,33.3 2 0
github.com/tongxiaofeng/bitfs/cmd/bitfs/cmd_cat.go:35.2,38.16 3 0
github.com/tongxiaofeng/bitfs/cmd/bitfs/cmd_cat.go:38.16,41.3 2 0
github.com/tongxiaofeng/bitfs/cmd/bitfs/cmd_cat.go:43.2,44.16 2 0
github.com/tongxiaofeng/bitfs/cmd/bitfs/cmd_cat.go:44.16,47.3 2 0
github.com/tongxiaofeng/bitfs/cmd/bitfs/cmd_cat.go:48.2,48.15 1 0
github.com/tongxiaofeng/bitfs/cmd/bitfs/cmd_cat.go:48.15,48.34 1 0
github.com/tongxiaofeng/bitfs/cmd/bitfs/cmd_cat.go:51.2,51.57 1 0
github.com/tongxiaofeng/bitfs/cmd/bitfs/cmd_cat.go:51.57,54.3 2 0
github.com/tongxiaofeng/bitfs/cmd/bitfs/cmd_cat.go:56.2,59.16 2 0
github.com/tongxiaofeng/bitfs/cmd/bitfs/cmd_cat.go:59.16,62.3 2 0
github.com/tongxiaofeng/bitfs/cmd/bitfs/cmd_cat.go:65.2,65.43 1 0
github.com/tongxiaofeng/bitfs/cmd/bitfs/cmd_cat.go:65.43,68.3 2 0
github.com/tongxiaofeng/bitfs/cmd/bitfs/cmd_cat.go:70.2,70.54 1 0
github.com/tongxiaofeng/bitfs/cmd/bitfs/cmd_cat.go:70.54,73.3 2 0
github.com/tongxiaofeng/bitfs/cmd/bitfs/cmd_cat.go:75.2,75.20 1 0
github.com/tongxiaofeng/bitfs/cmd/bitfs/cmd_cat.go:79.35,80.38 1 0
github.com/tongxiaofeng/bitfs/cmd/bitfs/cmd_cat.go:80.38,82.3 1 0
github.com/tongxiaofeng/bitfs/cmd/bitfs/cmd_cat.go:83.2,89.30 2 0
github.com/tongxiaofeng/bitfs/cmd/bitfs/cmd_cat.go:89.30,90.16 1 0
github.com/tongxiaofeng/bitfs/cmd/bitfs/cmd_cat.go:90.16,92.4 1 0
github.com/tongxiaofeng/bitfs/cmd/bitfs/cmd_cat.go:94.2,94.14 1 0
github.com/tongxiaofeng/bitfs/cmd/bitfs/cmd_cp.go:17.31,23.39 5 0
github.com/tongxiaofeng/bitfs/cmd/bitfs/cmd_cp.go:23.39,25.3 1 0
github.com/tongxiaofeng/bitfs/cmd/bitfs/cmd_cp.go:27.2,27.19 1 0
github.com/tongxiaofeng/bitfs/cmd/bitfs/cmd_cp.go:27.19,30.3 2 0
github.com/tongxiaofeng/bitfs/cmd/bitfs/cmd_cp.go:32.2,36.16 4 0
github.com/tongxiaofeng/bitfs/cmd/bitfs/cmd_cp.go:36.16,39.3 2 0
github.com/tongxiaofeng/bitfs/cmd/bitfs/cmd_cp.go:41.2,42.16 2 0
github.com/tongxiaofeng/bitfs/cmd/bitfs/cmd_cp.go:42.16,45.3 2 0
github.com/tongxiaofeng/bitfs/cmd/bitfs/cmd_cp.go:46.2,46.15 1 0
github.com/tongxiaofeng/bitfs/cmd/bitfs/cmd_cp.go:46.15,46.34 1 0
github.com/tongxiaofeng/bitfs/cmd/bitfs/cmd_cp.go:48.2,49.16 2 0
github.com/tongxiaofeng/bitfs/cmd/bitfs/cmd_cp.go:49.16,52.3 2 0
github.com/tongxiaofeng/bitfs/cmd/bitfs/cmd_cp.go:54.2,59.16 2 0
github.com/tongxiaofeng/bitfs/cmd/bitfs/cmd_cp.go:59.16,62.3 2 0
github.com/tongxiaofeng/bitfs/cmd/bitfs/cmd_cp.go:64.2,65.24 2 0
github.com/tongxiaofeng/bitfs/cmd/bitfs/cmd_cp.go:65.24,68.3 2 0
github.com/tongxiaofeng/bitfs/cmd/bitfs/cmd_cp.go:70.2,70.20 1 0
github.com/tongxiaofeng/bitfs/cmd/bitfs/cmd_daemon.go:23.35,24.20 1 1
github.com/tongxiaofeng/bitfs/cmd/bitfs/cmd_daemon.go:24.20,27.3 2 1
github.com/tongxiaofeng/bitfs/cmd/bitfs/cmd_daemon.go:29.2,32.13 3 1
github.com/tongxiaofeng/bitfs/cmd/bitfs/cmd_daemon.go:33.15,34.33 1 1
github.com/tongxiaofeng/bitfs/cmd/bitfs/cmd_daemon.go:35.14,36.32 1 1
github.com/tongxiaofeng/bitfs/cmd/bitfs/cmd_daemon.go:37.22,42.21 5 1
github.com/tongxiaofeng/bitfs/cmd/bitfs/cmd_daemon.go:43.10,45.24 2 1
github.com/tongxiaofeng/bitfs/cmd/bitfs/cmd_daemon.go:50.40,60.39 9 1
github.com/tongxiaofeng/bitfs/cmd/bitfs/cmd_daemon.go:60.39,62.3 1 0
github.com/tongxiaofeng/bitfs/cmd/bitfs/cmd_daemon.go:64.2,65.16 2 1
github.com/tongxiaofeng/bitfs/cmd/bitfs/cmd_daemon.go:65.16,68.3 2 1
github.com/tongxiaofeng/bitfs/cmd/bitfs/cmd_daemon.go:70.2,71.16 2 0
github.com/tongxiaofeng/bitfs/cmd/bitfs/cmd_daemon.go:71.16,74.3 2 0
github.com/tongxiaofeng/bitfs/cmd/bitfs/cmd_daemon.go:75.2,75.15 1 0
github.com/tongxiaofeng/bitfs/cmd/bitfs/cmd_daemon.go:75.15,75.34 1 0
github.com/tongxiaofeng/bitfs/cmd/bitfs/cmd_daemon.go:78.2,81.38 2 0
github.com/tongxiaofeng/bitfs/cmd/bitfs/cmd_daemon.go:81.38,83.3 1 0
github.com/tongxiaofeng/bitfs/cmd/bitfs/cmd_daemon.go:86.2,95.16 8 0
github.com/tongxiaofeng/bitfs/cmd/bitfs/cmd_daemon.go:95.16,98.3 2 0
github.com/tongxiaofeng/bitfs/cmd/bitfs/cmd_daemon.go:101.2,101.64 1 0
github.com/tongxiaofeng/bitfs/cmd/bitfs/cmd_daemon.go:101.64,103.3 1 0
github.com/tongxiaofeng/bitfs/cmd/bitfs/cmd_daemon.go:106.2,106.70 1 0
github.com/tongxiaofeng/bitfs/cmd/bitfs/cmd_daemon.go:106.70,108.3 1 0
github.com/tongxiaofeng/bitfs/cmd/bitfs/cmd_daemon.go:111.2,112.87 2 0
github.com/tongxiaofeng/bitfs/cmd/bitfs/cmd_daemon.go:112.87,114.3 1 0
github.com/tongxiaofeng/bitfs/cmd/bitfs/cmd_daemon.go:116.2,116.34 1 0
github.com/tongxiaofeng/bitfs/cmd/bitfs/cmd_daemon.go:116.34,119.3 2 0
github.com/tongxiaofeng/bitfs/cmd/bitfs/cmd_daemon.go:121.2,124.20 4 0
github.com/tongxiaofeng/bitfs/cmd/bitfs/cmd_daemon.go:124.20,126.3 1 0
github.com/tongxiaofeng/bitfs/cmd/bitfs/cmd_daemon.go:126.8,128.3 1 0
github.com/tongxiaofeng/bitfs/cmd/bitfs/cmd_daemon.go:131.2,136.53 5 0
github.com/tongxiaofeng/bitfs/cmd/bitfs/cmd_daemon.go:136.53,138.3 1 0
github.com/tongxiaofeng/bitfs/cmd/bitfs/cmd_daemon.go:139.2,142.20 3 0
github.com/tongxiaofeng/bitfs/cmd/bitfs/cmd_daemon.go:146.39,150.39 3 1
github.com/tongxiaofeng/bitfs/cmd/bitfs/cmd_daemon.go:150.39,152.3 1 0
github.com/tongxiaofeng/bitfs/cmd/bitfs/cmd_daemon.go:154.2,156.16 3 1
github.com/tongxiaofeng/bitfs/cmd/bitfs/cmd_daemon.go:156.16,159.3 2 1
github.com/tongxiaofeng/bitfs/cmd/bitfs/cmd_daemon.go:161.2,162.16 2 0
github.com/tongxiaofeng/bitfs/cmd/bitfs/cmd_daemon.go:162.16,165.3 2 0
github.com/tongxiaofeng/bitfs/cmd/bitfs/cmd_daemon.go:167.2,168.16 2 0
github.com/tongxiaofeng/bitfs/cmd/bitfs/cmd_daemon.go:168.16,171.3 2 0
github.com/tongxiaofeng/bitfs/cmd/bitfs/cmd_daemon.go:173.2,173.53 1 0
github.com/tongxiaofeng/bitfs/cmd/bitfs/cmd_daemon.go:173.53,176.3 2 0
github.com/tongxiaofeng/bitfs/cmd/bitfs/cmd_daemon.go:178.2,181.20 3 0
github.com/tongxiaofeng/bitfs/cmd/bitfs/cmd_encrypt.go:18.36,24.39 5 1
github.com/tongxiaofeng/bitfs/cmd/bitfs/cmd_encrypt.go:24.39,26.3 1 0
github.com/tongxiaofeng/bitfs/cmd/bitfs/cmd_encrypt.go:28.2,28.19 1 1
github.com/tongxiaofeng/bitfs/cmd/bitfs/cmd_encrypt.go:28.19,31.3 2 1
github.com/tongxiaofeng/bitfs/cmd/bitfs/cmd_encrypt.go:33.2,36.16 3 1
github.com/tongxiaofeng/bitfs/cmd/bitfs/cmd_encrypt.go:36.16,39.3 2 1
github.com/tongxiaofeng/bitfs/cmd/bitfs/cmd_encrypt.go:41.2,42.16 2 1
github.com/tongxiaofeng/bitfs/cmd/bitfs/cmd_encrypt.go:42.16,45.3 2 0
github.com/tongxiaofeng/bitfs/cmd/bitfs/cmd_encrypt.go:46.2,46.15 1 1
github.com/tongxiaofeng/bitfs/cmd/bitfs/cmd_encrypt.go:46.15,46.34 1 1
github.com/tongxiaofeng/bitfs/cmd/bitfs/cmd_encrypt.go:48.2,49.16 2 1
github.com/tongxiaofeng/bitfs/cmd/bitfs/cmd_encrypt.go:49.16,52.3 2 0
github.com/tongxiaofeng/bitfs/cmd/bitfs/cmd_encrypt.go:54.2,58.16 2 1
github.com/tongxiaofeng/bitfs/cmd/bitfs/cmd_encrypt.go:58.16,61.3 2 1
github.com/tongxiaofeng/bitfs/cmd/bitfs/cmd_encrypt.go:63.2,64.24 2 0
github.com/tongxiaofeng/bitfs/cmd/bitfs/cmd_encrypt.go:64.24,67.3 2 0
github.com/tongxiaofeng/bitfs/cmd/bitfs/cmd_encrypt.go:69.2,69.20 1 0
github.com/tongxiaofeng/bitfs/cmd/bitfs/cmd_fund.go:26.39,34.39 7 0
github.com/tongxiaofeng/bitfs/cmd/bitfs/cmd_fund.go:34.39,36.3 1 0
github.com/tongxiaofeng/bitfs/cmd/bitfs/cmd_fund.go:38.2,39.16 2 0
github.com/tongxiaofeng/bitfs/cmd/bitfs/cmd_fund.go:39.16,42.3 2 0
github.com/tongxiaofeng/bitfs/cmd/bitfs/cmd_fund.go:44.2,45.16 2 0
github.com/tongxiaofeng/bitfs/cmd/bitfs/cmd_fund.go:45.16,48.3 2 0
github.com/tongxiaofeng/bitfs/cmd/bitfs/cmd_fund.go:49.2,49.15 1 0
github.com/tongxiaofeng/bitfs/cmd/bitfs/cmd_fund.go:49.15,49.34 1 0
github.com/tongxiaofeng/bitfs/cmd/bitfs/cmd_fund.go:52.2,54.16 3 0
github.com/tongxiaofeng/bitfs/cmd/bitfs/cmd_fund.go:54.16,57.3 2 0
github.com/tongxiaofeng/bitfs/cmd/bitfs/cmd_fund.go:60.2,62.16 3 0
github.com/tongxiaofeng/bitfs/cmd/bitfs/cmd_fund.go:62.16,65.3 2 0
github.com/tongxiaofeng/bitfs/cmd/bitfs/cmd_fund.go:67.2,86.19 13 0
github.com/tongxiaofeng/bitfs/cmd/bitfs/cmd_fund.go:86.19,88.3 1 0
github.com/tongxiaofeng/bitfs/cmd/bitfs/cmd_fund.go:89.2,90.21 2 0
github.com/tongxiaofeng/bitfs/cmd/bitfs/cmd_fund.go:90.21,94.3 3 0
github.com/tongxiaofeng/bitfs/cmd/bitfs/cmd_fund.go:97.2,100.77 4 0
github.com/tongxiaofeng/bitfs/cmd/bitfs/cmd_fund.go:100.77,103.3 2 0
github.com/tongxiaofeng/bitfs/cmd/bitfs/cmd_fund.go:106.2,108.63 3 0
github.com/tongxiaofeng/bitfs/cmd/bitfs/cmd_fund.go:108.63,110.3 1 0
github.com/tongxiaofeng/bitfs/cmd/bitfs/cmd_fund.go:113.2,115.36 3 0
github.com/tongxiaofeng/bitfs/cmd/bitfs/cmd_fund.go:115.36,116.14 1 0
github.com/tongxiaofeng/bitfs/cmd/bitfs/cmd_fund.go:116.14,117.12 1 0
github.com/tongxiaofeng/bitfs/cmd/bitfs/cmd_fund.go:119.3,119.22 1 0
github.com/tongxiaofeng/bitfs/cmd/bitfs/cmd_fund.go:119.22,122.4 2 0
github.com/tongxiaofeng/bitfs/cmd/bitfs/cmd_fund.go:125.2,125.19 1 0
github.com/tongxiaofeng/bitfs/cmd/bitfs/cmd_fund.go:125.19,129.3 3 0
github.com/tongxiaofeng/bitfs/cmd/bitfs/cmd_fund.go:129.8,133.3 3 0
github.com/tongxiaofeng/bitfs/cmd/bitfs/cmd_fund.go:135.2,135.20 1 0
github.com/tongxiaofeng/bitfs/cmd/bitfs/cmd_fund.go:139.34,141.17 2 0
github.com/tongxiaofeng/bitfs/cmd/bitfs/cmd_fund.go:141.17,143.3 1 0
github.com/tongxiaofeng/bitfs/cmd/bitfs/cmd_fund.go:144.2,145.22 2 0
github.com/tongxiaofeng/bitfs/cmd/bitfs/cmd_fund.go:145.22,146.33 1 0
github.com/tongxiaofeng/bitfs/cmd/bitfs/cmd_fund.go:146.33,148.4 1 0
github.com/tongxiaofeng/bitfs/cmd/bitfs/cmd_fund.go:149.3,149.35 1 0
github.com/tongxiaofeng/bitfs/cmd/bitfs/cmd_fund.go:151.2,151.23 1 0
github.com/tongxiaofeng/bitfs/cmd/bitfs/cmd_fund.go:155.56,156.17 1 0
github.com/tongxiaofeng/bitfs/cmd/bitfs/cmd_fund.go:157.17,164.138 7 0
github.com/tongxiaofeng/bitfs/cmd/bitfs/cmd_fund.go:166.17,174.44 8 0
github.com/tongxiaofeng/bitfs/cmd/bitfs/cmd_fund.go:176.21,184.44 8 0
github.com/tongxiaofeng/bitfs/cmd/bitfs/cmd_fund.go:186.10,196.5 4 0
github.com/tongxiaofeng/bitfs/cmd/bitfs/cmd_get.go:17.32,23.39 5 0
github.com/tongxiaofeng/bitfs/cmd/bitfs/cmd_get.go:23.39,25.3 1 0
github.com/tongxiaofeng/bitfs/cmd/bitfs/cmd_get.go:27.2,27.19 1 0
github.com/tongxiaofeng/bitfs/cmd/bitfs/cmd_get.go:27.19,30.3 2 0
github.com/tongxiaofeng/bitfs/cmd/bitfs/cmd_get.go:32.2,34.19 3 0
github.com/tongxiaofeng/bitfs/cmd/bitfs/cmd_get.go:34.19,36.3 1 0
github.com/tongxiaofeng/bitfs/cmd/bitfs/cmd_get.go:38.2,39.16 2 0
github.com/tongxiaofeng/bitfs/cmd/bitfs/cmd_get.go:39.16,42.3 2 0
github.com/tongxiaofeng/bitfs/cmd/bitfs/cmd_get.go:44.2,45.16 2 0
github.com/tongxiaofeng/bitfs/cmd/bitfs/cmd_get.go:45.16,48.3 2 0
github.com/tongxiaofeng/bitfs/cmd/bitfs/cmd_get.go:49.2,49.15 1 0
github.com/tongxiaofeng/bitfs/cmd/bitfs/cmd_get.go:49.15,49.34 1 0
github.com/tongxiaofeng/bitfs/cmd/bitfs/cmd_get.go:51.2,52.16 2 0
github.com/tongxiaofeng/bitfs/cmd/bitfs/cmd_get.go:52.16,55.3 2 0
github.com/tongxiaofeng/bitfs/cmd/bitfs/cmd_get.go:57.2,64.16 3 0
github.com/tongxiaofeng/bitfs/cmd/bitfs/cmd_get.go:64.16,67.3 2 0
github.com/tongxiaofeng/bitfs/cmd/bitfs/cmd_get.go:69.2,70.20 2 0
github.com/tongxiaofeng/bitfs/cmd/bitfs/cmd_link.go:17.33,24.39 6 1
github.com/tongxiaofeng/bitfs/cmd/bitfs/cmd_link.go:24.39,26.3 1 0
github.com/tongxiaofeng/bitfs/cmd/bitfs/cmd_link.go:28.2,28.19 1 1
github.com/tongxiaofeng/bitfs/cmd/bitfs/cmd_link.go:28.19,31.3 2 1
github.com/tongxiaofeng/bitfs/cmd/bitfs/cmd_link.go:33.2,37.16 4 1
github.com/tongxiaofeng/bitfs/cmd/bitfs/cmd_link.go:37.16,40.3 2 1
github.com/tongxiaofeng/bitfs/cmd/bitfs/cmd_link.go:42.2,43.16 2 1
github.com/tongxiaofeng/bitfs/cmd/bitfs/cmd_link.go:43.16,46.3 2 0
github.com/tongxiaofeng/bitfs/cmd/bitfs/cmd_link.go:47.2,47.15 1 1
github.com/tongxiaofeng/bitfs/cmd/bitfs/cmd_link.go:47.15,47.34 1 1
github.com/tongxiaofeng/bitfs/cmd/bitfs/cmd_link.go:49.2,50.16 2 1
github.com/tongxiaofeng/bitfs/cmd/bitfs/cmd_link.go:50.16,53.3 2 0
github.com/tongxiaofeng/bitfs/cmd/bitfs/cmd_link.go:55.2,61.16 2 1
github.com/tongxiaofeng/bitfs/cmd/bitfs/cmd_link.go:61.16,64.3 2 1
github.com/tongxiaofeng/bitfs/cmd/bitfs/cmd_link.go:66.2,67.24 2 0
github.com/tongxiaofeng/bitfs/cmd/bitfs/cmd_link.go:67.24,70.3 2 0
github.com/tongxiaofeng/bitfs/cmd/bitfs/cmd_link.go:72.2,72.20 1 0
github.com/tongxiaofeng/bitfs/cmd/bitfs/cmd_mget.go:17.33,23.39 5 0
github.com/tongxiaofeng/bitfs/cmd/bitfs/cmd_mget.go:23.39,25.3 1 0
github.com/tongxiaofeng/bitfs/cmd/bitfs/cmd_mget.go:27.2,27.19 1 0
github.com/tongxiaofeng/bitfs/cmd/bitfs/cmd_mget.go:27.19,30.3 2 0
github.com/tongxiaofeng/bitfs/cmd/bitfs/cmd_mget.go:32.2,34.19 3 0
github.com/tongxiaofeng/bitfs/cmd/bitfs/cmd_mget.go:34.19,36.3 1 0
github.com/tongxiaofeng/bitfs/cmd/bitfs/cmd_mget.go:38.2,39.16 2 0
github.com/tongxiaofeng/bitfs/cmd/bitfs/cmd_mget.go:39.16,42.3 2 0
github.com/tongxiaofeng/bitfs/cmd/bitfs/cmd_mget.go:44.2,45.16 2 0
github.com/tongxiaofeng/bitfs/cmd/bitfs/cmd_mget.go:45.16,48.3 2 0
github.com/tongxiaofeng/bitfs/cmd/bitfs/cmd_mget.go:49.2,49.15 1 0
github.com/tongxiaofeng/bitfs/cmd/bitfs/cmd_mget.go:49.15,49.34 1 0
github.com/tongxiaofeng/bitfs/cmd/bitfs/cmd_mget.go:51.2,52.16 2 0
github.com/tongxiaofeng/bitfs/cmd/bitfs/cmd_mget.go:52.16,55.3 2 0
github.com/tongxiaofeng/bitfs/cmd/bitfs/cmd_mget.go:57.2,62.16 2 0
github.com/tongxiaofeng/bitfs/cmd/bitfs/cmd_mget.go:62.16,65.3 2 0
github.com/tongxiaofeng/bitfs/cmd/bitfs/cmd_mget.go:67.2,69.34 2 0
github.com/tongxiaofeng/bitfs/cmd/bitfs/cmd_mget.go:69.34,71.3 1 0
github.com/tongxiaofeng/bitfs/cmd/bitfs/cmd_mget.go:73.2,73.20 1 0
github.com/tongxiaofeng/bitfs/cmd/bitfs/cmd_mkdir.go:17.34,23.39 5 1
github.com/tongxiaofeng/bitfs/cmd/bitfs/cmd_mkdir.go:23.39,25.3 1 0
github.com/tongxiaofeng/bitfs/cmd/bitfs/cmd_mkdir.go:27.2,27.19 1 1
github.com/tongxiaofeng/bitfs/cmd/bitfs/cmd_mkdir.go:27.19,30.3 2 1
github.com/tongxiaofeng/bitfs/cmd/bitfs/cmd_mkdir.go:32.2,35.16 3 1
github.com/tongxiaofeng/bitfs/cmd/bitfs/cmd_mkdir.go:35.16,38.3 2 1
github.com/tongxiaofeng/bitfs/cmd/bitfs/cmd_mkdir.go:40.2,41.16 2 1
github.com/tongxiaofeng/bitfs/cmd/bitfs/cmd_mkdir.go:41.16,44.3 2 0
github.com/tongxiaofeng/bitfs/cmd/bitfs/cmd_mkdir.go:45.2,45.15 1 1
github.com/tongxiaofeng/bitfs/cmd/bitfs/cmd_mkdir.go:45.15,45.34 1 1
github.com/tongxiaofeng/bitfs/cmd/bitfs/cmd_mkdir.go:47.2,48.16 2 1
github.com/tongxiaofeng/bitfs/cmd/bitfs/cmd_mkdir.go:48.16,51.3 2 0
github.com/tongxiaofeng/bitfs/cmd/bitfs/cmd_mkdir.go:53.2,57.16 2 1
github.com/tongxiaofeng/bitfs/cmd/bitfs/cmd_mkdir.go:57.16,60.3 2 1
github.com/tongxiaofeng/bitfs/cmd/bitfs/cmd_mkdir.go:62.2,63.24 2 0
github.com/tongxiaofeng/bitfs/cmd/bitfs/cmd_mkdir.go:63.24,66.3 2 0
github.com/tongxiaofeng/bitfs/cmd/bitfs/cmd_mkdir.go:68.2,68.20 1 0
github.com/tongxiaofeng/bitfs/cmd/bitfs/cmd_mput.go:17.33,24.39 6 0
github.com/tongxiaofeng/bitfs/cmd/bitfs/cmd_mput.go:24.39,26.3 1 0
github.com/tongxiaofeng/bitfs/cmd/bitfs/cmd_mput.go:28.2,28.19 1 0
github.com/tongxiaofeng/bitfs/cmd/bitfs/cmd_mput.go:28.19,31.3 2 0
github.com/tongxiaofeng/bitfs/cmd/bitfs/cmd_mput.go:33.2,35.19 3 0
github.com/tongxiaofeng/bitfs/cmd/bitfs/cmd_mput.go:35.19,37.3 1 0
github.com/tongxiaofeng/bitfs/cmd/bitfs/cmd_mput.go:39.2,40.16 2 0
github.com/tongxiaofeng/bitfs/cmd/bitfs/cmd_mput.go:40.16,43.3 2 0
github.com/tongxiaofeng/bitfs/cmd/bitfs/cmd_mput.go:45.2,46.16 2 0
github.com/tongxiaofeng/bitfs/cmd/bitfs/cmd_mput.go:46.16,49.3 2 0
github.com/tongxiaofeng/bitfs/cmd/bitfs/cmd_mput.go:50.2,50.15 1 0
github.com/tongxiaofeng/bitfs/cmd/bitfs/cmd_mput.go:50.15,50.34 1 0
github.com/tongxiaofeng/bitfs/cmd/bitfs/cmd_mput.go:52.2,53.16 2 0
github.com/tongxiaofeng/bitfs/cmd/bitfs/cmd_mput.go:53.16,56.3 2 0
github.com/tongxiaofeng/bitfs/cmd/bitfs/cmd_mput.go:58.2,64.16 2 0
github.com/tongxiaofeng/bitfs/cmd/bitfs/cmd_mput.go:64.16,67.3 2 0
github.com/tongxiaofeng/bitfs/cmd/bitfs/cmd_mput.go:69.2,71.34 2 0
github.com/tongxiaofeng/bitfs/cmd/bitfs/cmd_mput.go:71.34,73.3 1 0
github.com/tongxiaofeng/bitfs/cmd/bitfs/cmd_mput.go:75.2,75.20 1 0
github.com/tongxiaofeng/bitfs/cmd/bitfs/cmd_mv.go:17.31,23.39 5 1
github.com/tongxiaofeng/bitfs/cmd/bitfs/cmd_mv.go:23.39,25.3 1 0
github.com/tongxiaofeng/bitfs/cmd/bitfs/cmd_mv.go:27.2,27.19 1 1
github.com/tongxiaofeng/bitfs/cmd/bitfs/cmd_mv.go:27.19,30.3 2 1
github.com/tongxiaofeng/bitfs/cmd/bitfs/cmd_mv.go:32.2,36.16 4 1
github.com/tongxiaofeng/bitfs/cmd/bitfs/cmd_mv.go:36.16,39.3 2 1
github.com/tongxiaofeng/bitfs/cmd/bitfs/cmd_mv.go:41.2,42.16 2 1
github.com/tongxiaofeng/bitfs/cmd/bitfs/cmd_mv.go:42.16,45.3 2 0
github.com/tongxiaofeng/bitfs/cmd/bitfs/cmd_mv.go:46.2,46.15 1 1
github.com/tongxiaofeng/bitfs/cmd/bitfs/cmd_mv.go:46.15,46.34 1 1
github.com/tongxiaofeng/bitfs/cmd/bitfs/cmd_mv.go:48.2,49.16 2 1
github.com/tongxiaofeng/bitfs/cmd/bitfs/cmd_mv.go:49.16,52.3 2 0
github.com/tongxiaofeng/bitfs/cmd/bitfs/cmd_mv.go:54.2,59.16 2 1
github.com/tongxiaofeng/bitfs/cmd/bitfs/cmd_mv.go:59.16,62.3 2 1
github.com/tongxiaofeng/bitfs/cmd/bitfs/cmd_mv.go:64.2,65.24 2 0
github.com/tongxiaofeng/bitfs/cmd/bitfs/cmd_mv.go:65.24,68.3 2 0
github.com/tongxiaofeng/bitfs/cmd/bitfs/cmd_mv.go:70.2,70.20 1 0
github.com/tongxiaofeng/bitfs/cmd/bitfs/cmd_publish.go:19.36,25.39 5 1
github.com/tongxiaofeng/bitfs/cmd/bitfs/cmd_publish.go:25.39,27.3 1 0
github.com/tongxiaofeng/bitfs/cmd/bitfs/cmd_publish.go:29.2,30.16 2 1
github.com/tongxiaofeng/bitfs/cmd/bitfs/cmd_publish.go:30.16,33.3 2 1
github.com/tongxiaofeng/bitfs/cmd/bitfs/cmd_publish.go:35.2,36.16 2 1
github.com/tongxiaofeng/bitfs/cmd/bitfs/cmd_publish.go:36.16,39.3 2 0
github.com/tongxiaofeng/bitfs/cmd/bitfs/cmd_publish.go:40.2,40.15 1 1
github.com/tongxiaofeng/bitfs/cmd/bitfs/cmd_publish.go:40.15,40.34 1 1
github.com/tongxiaofeng/bitfs/cmd/bitfs/cmd_publish.go:43.2,43.19 1 1
github.com/tongxiaofeng/bitfs/cmd/bitfs/cmd_publish.go:43.19,45.17 2 1
github.com/tongxiaofeng/bitfs/cmd/bitfs/cmd_publish.go:45.17,48.4 2 0
github.com/tongxiaofeng/bitfs/cmd/bitfs/cmd_publish.go:49.3,50.21 2 1
github.com/tongxiaofeng/bitfs/cmd/bitfs/cmd_publish.go:53.2,56.16 3 1
github.com/tongxiaofeng/bitfs/cmd/bitfs/cmd_publish.go:56.16,59.3 2 0
github.com/tongxiaofeng/bitfs/cmd/bitfs/cmd_publish.go:61.2,65.16 2 1
github.com/tongxiaofeng/bitfs/cmd/bitfs/cmd_publish.go:65.16,68.3 2 0
github.com/tongxiaofeng/bitfs/cmd/bitfs/cmd_publish.go:70.2,72.20 2 1
github.com/tongxiaofeng/bitfs/cmd/bitfs/cmd_put.go:17.32,24.39 6 1
github.com/tongxiaofeng/bitfs/cmd/bitfs/cmd_put.go:24.39,26.3 1 0
github.com/tongxiaofeng/bitfs/cmd/bitfs/cmd_put.go:28.2,28.19 1 1
github.com/tongxiaofeng/bitfs/cmd/bitfs/cmd_put.go:28.19,31.3 2 1
github.com/tongxiaofeng/bitfs/cmd/bitfs/cmd_put.go:33.2,36.47 3 1
github.com/tongxiaofeng/bitfs/cmd/bitfs/cmd_put.go:36.47,39.3 2 1
github.com/tongxiaofeng/bitfs/cmd/bitfs/cmd_put.go:42.2,42.54 1 1
github.com/tongxiaofeng/bitfs/cmd/bitfs/cmd_put.go:42.54,45.3 2 1
github.com/tongxiaofeng/bitfs/cmd/bitfs/cmd_put.go:47.2,48.16 2 1
github.com/tongxiaofeng/bitfs/cmd/bitfs/cmd_put.go:48.16,51.3 2 0
github.com/tongxiaofeng/bitfs/cmd/bitfs/cmd_put.go:53.2,54.16 2 1
github.com/tongxiaofeng/bitfs/cmd/bitfs/cmd_put.go:54.16,57.3 2 0
github.com/tongxiaofeng/bitfs/cmd/bitfs/cmd_put.go:58.2,58.15 1 1
github.com/tongxiaofeng/bitfs/cmd/bitfs/cmd_put.go:58.15,58.34 1 1
github.com/tongxiaofeng/bitfs/cmd/bitfs/cmd_put.go:60.2,61.16 2 1
github.com/tongxiaofeng/bitfs/cmd/bitfs/cmd_put.go:61.16,64.3 2 1
github.com/tongxiaofeng/bitfs/cmd/bitfs/cmd_put.go:66.2,72.16 2 1
github.com/tongxiaofeng/bitfs/cmd/bitfs/cmd_put.go:72.16,75.3 2 1
github.com/tongxiaofeng/bitfs/cmd/bitfs/cmd_put.go:77.2,78.24 2 0
github.com/tongxiaofeng/bitfs/cmd/bitfs/cmd_put.go:78.24,81.3 2 0
github.com/tongxiaofeng/bitfs/cmd/bitfs/cmd_put.go:83.2,83.20 1 0
github.com/tongxiaofeng/bitfs/cmd/bitfs/cmd_rm.go:17.31,23.39 5 1
github.com/tongxiaofeng/bitfs/cmd/bitfs/cmd_rm.go:23.39,25.3 1 0
github.com/tongxiaofeng/bitfs/cmd/bitfs/cmd_rm.go:27.2,27.19 1 1
github.com/tongxiaofeng/bitfs/cmd/bitfs/cmd_rm.go:27.19,30.3 2 1
github.com/tongxiaofeng/bitfs/cmd/bitfs/cmd_rm.go:32.2,35.16 3 1
github.com/tongxiaofeng/bitfs/cmd/bitfs/cmd_rm.go:35.16,38.3 2 1
github.com/tongxiaofeng/bitfs/cmd/bitfs/cmd_rm.go:40.2,41.16 2 1
github.com/tongxiaofeng/bitfs/cmd/bitfs/cmd_rm.go:41.16,44.3 2 0
github.com/tongxiaofeng/bitfs/cmd/bitfs/cmd_rm.go:45.2,45.15 1 1
github.com/tongxiaofeng/bitfs/cmd/bitfs/cmd_rm.go:45.15,45.34 1 1
github.com/tongxiaofeng/bitfs/cmd/bitfs/cmd_rm.go:47.2,48.16 2 1
github.com/tongxiaofeng/bitfs/cmd/bitfs/cmd_rm.go:48.16,51.3 2 0
github.com/tongxiaofeng/bitfs/cmd/bitfs/cmd_rm.go:53.2,57.16 2 1
github.com/tongxiaofeng/bitfs/cmd/bitfs/cmd_rm.go:57.16,60.3 2 1
github.com/tongxiaofeng/bitfs/cmd/bitfs/cmd_rm.go:62.2,63.24 2 0
github.com/tongxiaofeng/bitfs/cmd/bitfs/cmd_rm.go:63.24,66.3 2 0
github.com/tongxiaofeng/bitfs/cmd/bitfs/cmd_rm.go:68.2,68.20 1 0
github.com/tongxiaofeng/bitfs/cmd/bitfs/cmd_sell.go:17.33,24.39 6 1
github.com/tongxiaofeng/bitfs/cmd/bitfs/cmd_sell.go:24.39,26.3 1 0
github.com/tongxiaofeng/bitfs/cmd/bitfs/cmd_sell.go:28.2,28.19 1 1
github.com/tongxiaofeng/bitfs/cmd/bitfs/cmd_sell.go:28.19,31.3 2 1
github.com/tongxiaofeng/bitfs/cmd/bitfs/cmd_sell.go:33.2,33.17 1 1
github.com/tongxiaofeng/bitfs/cmd/bitfs/cmd_sell.go:33.17,36.3 2 1
github.com/tongxiaofeng/bitfs/cmd/bitfs/cmd_sell.go:38.2,41.16 3 1
[...]
github.com/tongxiaofeng/bitfs/internal/engine/move.go:261.2,262.16 2 1
github.com/tongxiaofeng/bitfs/internal/engine/move.go:262.16,264.3 1 1
github.com/tongxiaofeng/bitfs/internal/engine/move.go:266.2,267.16 2 1
github.com/tongxiaofeng/bitfs/internal/engine/move.go:267.16,270.3 2 0
github.com/tongxiaofeng/bitfs/internal/engine/move.go:272.2,273.16 2 1
github.com/tongxiaofeng/bitfs/internal/engine/move.go:273.16,277.3 3 0
github.com/tongxiaofeng/bitfs/internal/engine/move.go:279.2,280.16 2 1
github.com/tongxiaofeng/bitfs/internal/engine/move.go:280.16,285.3 4 0
github.com/tongxiaofeng/bitfs/internal/engine/move.go:286.2,289.16 3 1
github.com/tongxiaofeng/bitfs/internal/engine/move.go:289.16,294.3 4 0
github.com/tongxiaofeng/bitfs/internal/engine/move.go:296.2,297.15 2 1
github.com/tongxiaofeng/bitfs/internal/engine/move.go:297.15,298.18 1 1
github.com/tongxiaofeng/bitfs/internal/engine/move.go:298.18,303.4 4 0
github.com/tongxiaofeng/bitfs/internal/engine/move.go:307.2,308.16 2 1
github.com/tongxiaofeng/bitfs/internal/engine/move.go:308.16,310.3 1 0
github.com/tongxiaofeng/bitfs/internal/engine/move.go:311.2,312.32 2 1
github.com/tongxiaofeng/bitfs/internal/engine/move.go:312.32,314.17 2 1
github.com/tongxiaofeng/bitfs/internal/engine/move.go:314.17,316.4 1 0
github.com/tongxiaofeng/bitfs/internal/engine/move.go:319.2,320.35 2 1
github.com/tongxiaofeng/bitfs/internal/engine/move.go:320.35,322.17 2 1
github.com/tongxiaofeng/bitfs/internal/engine/move.go:322.17,324.4 1 0
github.com/tongxiaofeng/bitfs/internal/engine/move.go:327.2,328.16 2 1
github.com/tongxiaofeng/bitfs/internal/engine/move.go:328.16,330.3 1 0
github.com/tongxiaofeng/bitfs/internal/engine/move.go:331.2,332.32 2 1
github.com/tongxiaofeng/bitfs/internal/engine/move.go:332.32,334.17 2 1
github.com/tongxiaofeng/bitfs/internal/engine/move.go:334.17,336.4 1 0
github.com/tongxiaofeng/bitfs/internal/engine/move.go:340.2,359.16 9 1
github.com/tongxiaofeng/bitfs/internal/engine/move.go:359.16,361.3 1 0
github.com/tongxiaofeng/bitfs/internal/engine/move.go:364.2,364.77 1 1
github.com/tongxiaofeng/bitfs/internal/engine/move.go:364.77,366.3 1 0
github.com/tongxiaofeng/bitfs/internal/engine/move.go:368.2,392.33 4 1
github.com/tongxiaofeng/bitfs/internal/engine/move.go:392.33,394.3 1 0
github.com/tongxiaofeng/bitfs/internal/engine/move.go:395.2,427.8 11 1
github.com/tongxiaofeng/bitfs/internal/engine/mput.go:26.60,28.26 1 1
github.com/tongxiaofeng/bitfs/internal/engine/mput.go:28.26,30.3 1 0
github.com/tongxiaofeng/bitfs/internal/engine/mput.go:31.2,31.44 1 1
github.com/tongxiaofeng/bitfs/internal/engine/mput.go:31.44,33.3 1 0
github.com/tongxiaofeng/bitfs/internal/engine/mput.go:36.2,37.16 2 1
github.com/tongxiaofeng/bitfs/internal/engine/mput.go:37.16,39.3 1 1
github.com/tongxiaofeng/bitfs/internal/engine/mput.go:40.2,40.19 1 1
github.com/tongxiaofeng/bitfs/internal/engine/mput.go:40.19,42.3 1 1
github.com/tongxiaofeng/bitfs/internal/engine/mput.go:44.2,45.18 2 1
github.com/tongxiaofeng/bitfs/internal/engine/mput.go:45.18,47.3 1 0
github.com/tongxiaofeng/bitfs/internal/engine/mput.go:49.2,52.93 3 1
github.com/tongxiaofeng/bitfs/internal/engine/mput.go:52.93,53.21 1 1
github.com/tongxiaofeng/bitfs/internal/engine/mput.go:53.21,56.4 2 0
github.com/tongxiaofeng/bitfs/internal/engine/mput.go:59.3,59.35 1 1
github.com/tongxiaofeng/bitfs/internal/engine/mput.go:59.35,61.4 1 1
github.com/tongxiaofeng/bitfs/internal/engine/mput.go:64.3,65.17 2 1
github.com/tongxiaofeng/bitfs/internal/engine/mput.go:65.17,68.4 2 0
github.com/tongxiaofeng/bitfs/internal/engine/mput.go:71.3,71.17 1 1
github.com/tongxiaofeng/bitfs/internal/engine/mput.go:71.17,73.4 1 1
github.com/tongxiaofeng/bitfs/internal/engine/mput.go:76.3,77.42 2 1
github.com/tongxiaofeng/bitfs/internal/engine/mput.go:77.42,79.4 1 0
github.com/tongxiaofeng/bitfs/internal/engine/mput.go:80.3,82.16 2 1
github.com/tongxiaofeng/bitfs/internal/engine/mput.go:82.16,87.20 2 1
github.com/tongxiaofeng/bitfs/internal/engine/mput.go:87.20,89.5 1 0
github.com/tongxiaofeng/bitfs/internal/engine/mput.go:89.10,91.5 1 1
github.com/tongxiaofeng/bitfs/internal/engine/mput.go:92.9,92.34 1 1
github.com/tongxiaofeng/bitfs/internal/engine/mput.go:92.34,99.21 2 1
github.com/tongxiaofeng/bitfs/internal/engine/mput.go:99.21,101.5 1 0
github.com/tongxiaofeng/bitfs/internal/engine/mput.go:101.10,103.5 1 1
github.com/tongxiaofeng/bitfs/internal/engine/mput.go:106.3,106.13 1 1
github.com/tongxiaofeng/bitfs/internal/engine/mput.go:109.2,109.16 1 1
github.com/tongxiaofeng/bitfs/internal/engine/mput.go:109.16,111.3 1 0
github.com/tongxiaofeng/bitfs/internal/engine/mput.go:113.2,113.20 1 1
github.com/tongxiaofeng/bitfs/internal/engine/publish.go:21.67,23.2 1 1
github.com/tongxiaofeng/bitfs/internal/engine/publish.go:26.39,28.2 1 1
github.com/tongxiaofeng/bitfs/internal/engine/publish.go:41.62,42.23 1 1
github.com/tongxiaofeng/bitfs/internal/engine/publish.go:42.23,44.3 1 1
github.com/tongxiaofeng/bitfs/internal/engine/publish.go:45.2,45.30 1 1
github.com/tongxiaofeng/bitfs/internal/engine/publish.go:49.68,50.91 1 1
github.com/tongxiaofeng/bitfs/internal/engine/publish.go:50.91,52.3 1 0
github.com/tongxiaofeng/bitfs/internal/engine/publish.go:54.2,55.16 2 1
github.com/tongxiaofeng/bitfs/internal/engine/publish.go:55.16,57.3 1 0
github.com/tongxiaofeng/bitfs/internal/engine/publish.go:59.2,73.9 11 1
github.com/tongxiaofeng/bitfs/internal/engine/publish.go:74.18,75.72 1 1
github.com/tongxiaofeng/bitfs/internal/engine/publish.go:76.31,78.74 2 1
github.com/tongxiaofeng/bitfs/internal/engine/publish.go:79.10,80.110 1 1
github.com/tongxiaofeng/bitfs/internal/engine/publish.go:84.2,94.8 2 1
github.com/tongxiaofeng/bitfs/internal/engine/publish.go:98.57,101.24 2 1
github.com/tongxiaofeng/bitfs/internal/engine/publish.go:101.24,105.3 1 1
github.com/tongxiaofeng/bitfs/internal/engine/publish.go:107.2,111.29 4 1
github.com/tongxiaofeng/bitfs/internal/engine/publish.go:111.29,116.45 4 1
github.com/tongxiaofeng/bitfs/internal/engine/publish.go:116.45,119.4 2 1
github.com/tongxiaofeng/bitfs/internal/engine/publish.go:119.9,119.24 1 1
github.com/tongxiaofeng/bitfs/internal/engine/publish.go:119.24,121.4 1 1
github.com/tongxiaofeng/bitfs/internal/engine/publish.go:124.3,134.11 2 1
github.com/tongxiaofeng/bitfs/internal/engine/publish.go:137.2,139.8 1 1
github.com/tongxiaofeng/bitfs/internal/engine/publish.go:143.44,144.18 1 1
github.com/tongxiaofeng/bitfs/internal/engine/publish.go:144.18,146.3 1 1
github.com/tongxiaofeng/bitfs/internal/engine/publish.go:147.2,147.29 1 1
github.com/tongxiaofeng/bitfs/internal/engine/publish.go:152.77,155.16 3 1
github.com/tongxiaofeng/bitfs/internal/engine/publish.go:155.16,157.3 1 1
github.com/tongxiaofeng/bitfs/internal/engine/publish.go:159.2,159.33 1 1
github.com/tongxiaofeng/bitfs/internal/engine/publish.go:159.33,161.42 2 1
github.com/tongxiaofeng/bitfs/internal/engine/publish.go:161.42,164.25 3 1
github.com/tongxiaofeng/bitfs/internal/engine/publish.go:164.25,166.22 2 1
github.com/tongxiaofeng/bitfs/internal/engine/publish.go:166.22,167.14 1 0
github.com/tongxiaofeng/bitfs/internal/engine/publish.go:170.5,170.66 1 1
github.com/tongxiaofeng/bitfs/internal/engine/publish.go:170.66,171.14 1 0
github.com/tongxiaofeng/bitfs/internal/engine/publish.go:173.5,173.23 1 1
github.com/tongxiaofeng/bitfs/internal/engine/publish.go:178.2,178.71 1 1
github.com/tongxiaofeng/bitfs/internal/engine/put.go:29.58,32.16 2 1
github.com/tongxiaofeng/bitfs/internal/engine/put.go:32.16,34.3 1 1
github.com/tongxiaofeng/bitfs/internal/engine/put.go:37.2,38.16 2 1
github.com/tongxiaofeng/bitfs/internal/engine/put.go:38.16,40.3 1 0
github.com/tongxiaofeng/bitfs/internal/engine/put.go:43.2,44.16 2 1
github.com/tongxiaofeng/bitfs/internal/engine/put.go:44.16,46.3 1 0
github.com/tongxiaofeng/bitfs/internal/engine/put.go:49.2,49.36 1 1
github.com/tongxiaofeng/bitfs/internal/engine/put.go:49.36,50.26 1 1
github.com/tongxiaofeng/bitfs/internal/engine/put.go:50.26,52.4 1 0
github.com/tongxiaofeng/bitfs/internal/engine/put.go:56.2,59.16 4 1
github.com/tongxiaofeng/bitfs/internal/engine/put.go:59.16,61.3 1 0
github.com/tongxiaofeng/bitfs/internal/engine/put.go:62.2,67.21 4 1
github.com/tongxiaofeng/bitfs/internal/engine/put.go:68.17,70.38 2 1
github.com/tongxiaofeng/bitfs/internal/engine/put.go:71.10,73.35 2 1
github.com/tongxiaofeng/bitfs/internal/engine/put.go:77.2,78.16 2 1
github.com/tongxiaofeng/bitfs/internal/engine/put.go:78.16,80.3 1 0
github.com/tongxiaofeng/bitfs/internal/engine/put.go:83.2,83.77 1 1
github.com/tongxiaofeng/bitfs/internal/engine/put.go:83.77,85.3 1 0
github.com/tongxiaofeng/bitfs/internal/engine/put.go:88.2,108.16 4 1
github.com/tongxiaofeng/bitfs/internal/engine/put.go:108.16,110.3 1 0
github.com/tongxiaofeng/bitfs/internal/engine/put.go:113.2,114.16 2 1
github.com/tongxiaofeng/bitfs/internal/engine/put.go:114.16,116.3 1 0
github.com/tongxiaofeng/bitfs/internal/engine/put.go:118.2,119.16 2 1
github.com/tongxiaofeng/bitfs/internal/engine/put.go:119.16,121.3 1 0
github.com/tongxiaofeng/bitfs/internal/engine/put.go:123.2,124.16 2 1
github.com/tongxiaofeng/bitfs/internal/engine/put.go:124.16,127.3 2 0
github.com/tongxiaofeng/bitfs/internal/engine/put.go:128.2,131.16 3 1
github.com/tongxiaofeng/bitfs/internal/engine/put.go:131.16,134.3 2 0
github.com/tongxiaofeng/bitfs/internal/engine/put.go:136.2,137.15 2 1
github.com/tongxiaofeng/bitfs/internal/engine/put.go:137.15,138.15 1 1
github.com/tongxiaofeng/bitfs/internal/engine/put.go:138.15,141.4 2 0
github.com/tongxiaofeng/bitfs/internal/engine/put.go:145.2,156.16 4 1
github.com/tongxiaofeng/bitfs/internal/engine/put.go:156.16,158.3 1 0
github.com/tongxiaofeng/bitfs/internal/engine/put.go:160.2,161.16 2 1
github.com/tongxiaofeng/bitfs/internal/engine/put.go:161.16,163.3 1 0
github.com/tongxiaofeng/bitfs/internal/engine/put.go:164.2,165.29 2 1
github.com/tongxiaofeng/bitfs/internal/engine/put.go:165.29,167.17 2 1
github.com/tongxiaofeng/bitfs/internal/engine/put.go:167.17,169.4 1 0
github.com/tongxiaofeng/bitfs/internal/engine/put.go:171.2,177.16 5 1
github.com/tongxiaofeng/bitfs/internal/engine/put.go:177.16,179.3 1 0
github.com/tongxiaofeng/bitfs/internal/engine/put.go:181.2,224.8 9 1
github.com/tongxiaofeng/bitfs/internal/engine/remove.go:20.60,23.22 2 1
github.com/tongxiaofeng/bitfs/internal/engine/remove.go:23.22,25.3 1 1
github.com/tongxiaofeng/bitfs/internal/engine/remove.go:28.2,28.60 1 1
github.com/tongxiaofeng/bitfs/internal/engine/remove.go:28.60,30.3 1 1
github.com/tongxiaofeng/bitfs/internal/engine/remove.go:33.2,34.16 2 1
github.com/tongxiaofeng/bitfs/internal/engine/remove.go:34.16,36.3 1 0
github.com/tongxiaofeng/bitfs/internal/engine/remove.go:39.2,47.16 3 1
github.com/tongxiaofeng/bitfs/internal/engine/remove.go:47.16,49.3 1 0
github.com/tongxiaofeng/bitfs/internal/engine/remove.go:52.2,53.32 2 1
github.com/tongxiaofeng/bitfs/internal/engine/remove.go:53.32,55.17 2 1
github.com/tongxiaofeng/bitfs/internal/engine/remove.go:55.17,57.4 1 0
github.com/tongxiaofeng/bitfs/internal/engine/remove.go:61.2,62.16 2 1
github.com/tongxiaofeng/bitfs/internal/engine/remove.go:62.16,64.3 1 0
github.com/tongxiaofeng/bitfs/internal/engine/remove.go:66.2,67.16 2 1
github.com/tongxiaofeng/bitfs/internal/engine/remove.go:67.16,70.3 2 0
github.com/tongxiaofeng/bitfs/internal/engine/remove.go:71.2,74.16 3 1
github.com/tongxiaofeng/bitfs/internal/engine/remove.go:74.16,77.3 2 0
github.com/tongxiaofeng/bitfs/internal/engine/remove.go:79.2,80.15 2 1
github.com/tongxiaofeng/bitfs/internal/engine/remove.go:80.15,81.15 1 1
github.com/tongxiaofeng/bitfs/internal/engine/remove.go:81.15,84.4 2 0
github.com/tongxiaofeng/bitfs/internal/engine/remove.go:87.2,93.16 6 1
github.com/tongxiaofeng/bitfs/internal/engine/remove.go:93.16,95.3 1 0
github.com/tongxiaofeng/bitfs/internal/engine/remove.go:97.2,107.22 7 1
github.com/tongxiaofeng/bitfs/internal/engine/remove.go:107.22,115.3 1 0
github.com/tongxiaofeng/bitfs/internal/engine/remove.go:118.2,120.36 3 1
github.com/tongxiaofeng/bitfs/internal/engine/remove.go:120.36,121.26 1 1
github.com/tongxiaofeng/bitfs/internal/engine/remove.go:121.26,123.4 1 0
github.com/tongxiaofeng/bitfs/internal/engine/remove.go:127.2,131.27 5 1
github.com/tongxiaofeng/bitfs/internal/engine/remove.go:131.27,139.3 1 1
github.com/tongxiaofeng/bitfs/internal/engine/remove.go:142.2,150.8 3 1
github.com/tongxiaofeng/bitfs/internal/engine/remove.go:154.34,155.11 1 1
github.com/tongxiaofeng/bitfs/internal/engine/remove.go:156.13,157.36 1 1
github.com/tongxiaofeng/bitfs/internal/engine/remove.go:158.14,159.37 1 1
github.com/tongxiaofeng/bitfs/internal/engine/remove.go:160.10,161.37 1 1
github.com/tongxiaofeng/bitfs/internal/engine/sell.go:20.56,22.22 2 1
github.com/tongxiaofeng/bitfs/internal/engine/sell.go:22.22,24.3 1 1
github.com/tongxiaofeng/bitfs/internal/engine/sell.go:26.2,27.16 2 0
github.com/tongxiaofeng/bitfs/internal/engine/sell.go:27.16,29.3 1 0
github.com/tongxiaofeng/bitfs/internal/engine/sell.go:31.2,40.29 2 0
github.com/tongxiaofeng/bitfs/internal/engine/sell.go:40.29,42.3 1 0
github.com/tongxiaofeng/bitfs/internal/engine/sell.go:43.2,43.30 1 0
github.com/tongxiaofeng/bitfs/internal/engine/sell.go:43.30,45.3 1 0
github.com/tongxiaofeng/bitfs/internal/engine/sell.go:46.2,46.28 1 0
github.com/tongxiaofeng/bitfs/internal/engine/sell.go:46.28,48.3 1 0
github.com/tongxiaofeng/bitfs/internal/engine/sell.go:51.2,58.16 7 0
github.com/tongxiaofeng/bitfs/internal/engine/sell.go:58.16,60.3 1 0
github.com/tongxiaofeng/bitfs/internal/engine/sell.go:62.2,63.32 2 0
github.com/tongxiaofeng/bitfs/internal/engine/sell.go:63.32,65.17 2 0
github.com/tongxiaofeng/bitfs/internal/engine/sell.go:65.17,67.4 1 0
github.com/tongxiaofeng/bitfs/internal/engine/sell.go:70.2,71.16 2 0
github.com/tongxiaofeng/bitfs/internal/engine/sell.go:71.16,73.3 1 0
github.com/tongxiaofeng/bitfs/internal/engine/sell.go:75.2,76.16 2 0
github.com/tongxiaofeng/bitfs/internal/engine/sell.go:76.16,79.3 2 0
github.com/tongxiaofeng/bitfs/internal/engine/sell.go:80.2,83.16 3 0
github.com/tongxiaofeng/bitfs/internal/engine/sell.go:83.16,86.3 2 0
github.com/tongxiaofeng/bitfs/internal/engine/sell.go:88.2,89.15 2 0
github.com/tongxiaofeng/bitfs/internal/engine/sell.go:89.15,90.15 1 0
github.com/tongxiaofeng/bitfs/internal/engine/sell.go:90.15,93.4 2 0
github.com/tongxiaofeng/bitfs/internal/engine/sell.go:96.2,102.16 6 0
github.com/tongxiaofeng/bitfs/internal/engine/sell.go:102.16,104.3 1 0
github.com/tongxiaofeng/bitfs/internal/engine/sell.go:106.2,119.8 7 0
github.com/tongxiaofeng/bitfs/internal/engine/state.go:83.45,91.2 1 1
github.com/tongxiaofeng/bitfs/internal/engine/state.go:95.55,97.16 2 1
github.com/tongxiaofeng/bitfs/internal/engine/state.go:97.16,98.25 1 1
github.com/tongxiaofeng/bitfs/internal/engine/state.go:98.25,100.4 1 1
github.com/tongxiaofeng/bitfs/internal/engine/state.go:101.3,101.62 1 0
github.com/tongxiaofeng/bitfs/internal/engine/state.go:104.2,105.53 2 1
github.com/tongxiaofeng/bitfs/internal/engine/state.go:105.53,107.3 1 1
github.com/tongxiaofeng/bitfs/internal/engine/state.go:108.2,108.24 1 1
github.com/tongxiaofeng/bitfs/internal/engine/state.go:108.24,110.3 1 1
github.com/tongxiaofeng/bitfs/internal/engine/state.go:111.2,111.24 1 1
github.com/tongxiaofeng/bitfs/internal/engine/state.go:111.24,113.3 1 1
github.com/tongxiaofeng/bitfs/internal/engine/state.go:114.2,114.27 1 1
github.com/tongxiaofeng/bitfs/internal/engine/state.go:114.27,116.3 1 1
github.com/tongxiaofeng/bitfs/internal/engine/state.go:117.2,117.34 1 1
github.com/tongxiaofeng/bitfs/internal/engine/state.go:117.34,119.3 1 1
github.com/tongxiaofeng/bitfs/internal/engine/state.go:120.2,121.20 2 1
github.com/tongxiaofeng/bitfs/internal/engine/state.go:125.35,130.16 4 1
github.com/tongxiaofeng/bitfs/internal/engine/state.go:130.16,132.3 1 0
github.com/tongxiaofeng/bitfs/internal/engine/state.go:133.2,134.47 2 1
github.com/tongxiaofeng/bitfs/internal/engine/state.go:134.47,136.3 1 0
github.com/tongxiaofeng/bitfs/internal/engine/state.go:137.2,137.41 1 1
github.com/tongxiaofeng/bitfs/internal/engine/state.go:142.67,146.28 3 1
github.com/tongxiaofeng/bitfs/internal/engine/state.go:146.28,147.59 1 1
github.com/tongxiaofeng/bitfs/internal/engine/state.go:147.59,150.4 2 1
github.com/tongxiaofeng/bitfs/internal/engine/state.go:152.2,152.12 1 1
github.com/tongxiaofeng/bitfs/internal/engine/state.go:156.63,160.28 3 1
github.com/tongxiaofeng/bitfs/internal/engine/state.go:160.28,161.63 1 1
github.com/tongxiaofeng/bitfs/internal/engine/state.go:161.63,163.4 1 1
github.com/tongxiaofeng/bitfs/internal/engine/state.go:165.2,165.12 1 1
github.com/tongxiaofeng/bitfs/internal/engine/state.go:170.60,173.28 3 1
github.com/tongxiaofeng/bitfs/internal/engine/state.go:173.28,174.39 1 1
github.com/tongxiaofeng/bitfs/internal/engine/state.go:174.39,177.4 2 1
github.com/tongxiaofeng/bitfs/internal/engine/state.go:182.44,186.2 3 1
github.com/tongxiaofeng/bitfs/internal/engine/state.go:189.78,192.28 3 1
github.com/tongxiaofeng/bitfs/internal/engine/state.go:192.28,193.65 1 1
github.com/tongxiaofeng/bitfs/internal/engine/state.go:193.65,195.4 1 0
github.com/tongxiaofeng/bitfs/internal/engine/state.go:197.2,197.12 1 1
github.com/tongxiaofeng/bitfs/internal/engine/state.go:201.59,205.2 3 1
github.com/tongxiaofeng/bitfs/internal/engine/state.go:208.65,212.2 3 1
github.com/tongxiaofeng/bitfs/internal/engine/state.go:215.61,218.31 3 1
github.com/tongxiaofeng/bitfs/internal/engine/state.go:218.31,219.24 1 1
github.com/tongxiaofeng/bitfs/internal/engine/state.go:219.24,221.4 1 1
github.com/tongxiaofeng/bitfs/internal/engine/state.go:223.2,223.12 1 1
github.com/tongxiaofeng/bitfs/internal/engine/state.go:227.71,230.38 3 1
github.com/tongxiaofeng/bitfs/internal/engine/state.go:230.38,231.25 1 1
github.com/tongxiaofeng/bitfs/internal/engine/state.go:231.25,233.4 1 1
github.com/tongxiaofeng/bitfs/internal/engine/state.go:235.2,235.12 1 1
github.com/tongxiaofeng/bitfs/internal/engine/state.go:239.65,242.38 3 1
github.com/tongxiaofeng/bitfs/internal/engine/state.go:242.38,243.33 1 1
github.com/tongxiaofeng/bitfs/internal/engine/state.go:243.33,246.4 2 1
github.com/tongxiaofeng/bitfs/internal/engine/state.go:248.2,248.56 1 1
github.com/tongxiaofeng/bitfs/internal/engine/state.go:252.62,256.38 4 1
github.com/tongxiaofeng/bitfs/internal/engine/state.go:256.38,259.3 2 1
github.com/tongxiaofeng/bitfs/internal/engine/state.go:260.2,260.12 1 1
github.com/tongxiaofeng/bitfs/internal/engine/state.go:264.63,267.38 3 1
github.com/tongxiaofeng/bitfs/internal/engine/state.go:267.38,268.25 1 1
github.com/tongxiaofeng/bitfs/internal/engine/state.go:268.25,271.4 2 1
github.com/tongxiaofeng/bitfs/internal/engine/state.go:273.2,273.14 1 1
github.com/tongxiaofeng/bitfs/internal/engine/state.go:277.47,279.16 2 1
github.com/tongxiaofeng/bitfs/internal/engine/state.go:279.16,281.3 1 1
github.com/tongxiaofeng/bitfs/internal/engine/state.go:282.2,282.18 1 1
github.com/tongxiaofeng/bitfs/internal/engine/state.go:282.18,284.3 1 1
github.com/tongxiaofeng/bitfs/internal/engine/state.go:285.2,285.15 1 1
github.com/tongxiaofeng/bitfs/internal/engine/txbuild.go:11.82,13.16 2 1
github.com/tongxiaofeng/bitfs/internal/engine/txbuild.go:13.16,15.3 1 0
github.com/tongxiaofeng/bitfs/internal/engine/txbuild.go:16.2,17.16 2 1
github.com/tongxiaofeng/bitfs/internal/engine/txbuild.go:17.16,19.3 1 0
github.com/tongxiaofeng/bitfs/internal/engine/txbuild.go:20.2,20.27 1 1
github.com/tongxiaofeng/bitfs/internal/engine/unpublish.go:11.66,12.23 1 1
github.com/tongxiaofeng/bitfs/internal/engine/unpublish.go:12.23,14.3 1 1
github.com/tongxiaofeng/bitfs/internal/engine/unpublish.go:16.2,17.14 2 1
github.com/tongxiaofeng/bitfs/internal/engine/unpublish.go:17.14,19.3 1 1
github.com/tongxiaofeng/bitfs/internal/engine/unpublish.go:22.2,22.39 1 1
github.com/tongxiaofeng/bitfs/internal/engine/unpublish.go:22.39,24.3 1 0
github.com/tongxiaofeng/bitfs/internal/engine/unpublish.go:26.2,31.8 2 1
